#
# A fatal error has been detected by the Java Runtime Environment:
#
#  SIGSEGV (0xb) at pc=0x000000012ec506a7, pid=19388, tid=0x0000000000008c03
#
# JRE version: Java(TM) SE Runtime Environment (8.0_144-b01) (build 1.8.0_144-b01)
# Java VM: Java HotSpot(TM) 64-Bit Server VM (25.144-b01 mixed mode bsd-amd64 compressed oops)
# Problematic frame:
# C  [libtesseract.dylib+0x126a7]  tesseract::Tesseract::recog_all_words(PAGE_RES*, ETEXT_DESC*, TBOX const*, char const*, int)+0xad
#
# Failed to write core dump. Core dumps have been disabled. To enable core dumping, try "ulimit -c unlimited" before starting Java again
#
# If you would like to submit a bug report, please visit:
#   http://bugreport.java.com/bugreport/crash.jsp
# The crash happened outside the Java Virtual Machine in native code.
# See problematic frame for where to report the bug.
#

---------------  T H R E A D  ---------------

Current thread (0x00007faab51ca800):  JavaThread "http-nio-8080-exec-1" daemon [_thread_in_native, id=35843, stack(0x0000700007f06000,0x0000700008006000)]

siginfo: si_signo: 11 (SIGSEGV), si_code: 1 (SEGV_MAPERR), si_addr: 0x000000000000000c

Registers:
RAX=0x0000000000000000, RBX=0x0000000000000000, RCX=0x0000000000000000, RDX=0x00007faab65cfc90
RSP=0x0000700008002060, RBP=0x00007000080021f0, RSI=0x0000000000000001, RDI=0x0000700008002118
R8 =0x0000000000000000, R9 =0x0000000000000000, R10=0x00000000fffff800, R11=0x00007faab6500000
R12=0x0000000000000000, R13=0x0000000000000000, R14=0x00007faab65cfc30, R15=0x00007faab80f1200
RIP=0x000000012ec506a7, EFLAGS=0x0000000000010246, ERR=0x0000000000000004
  TRAPNO=0x000000000000000e

Top of Stack: (sp=0x0000700008002060)
0x0000700008002060:   00007faab65cfce0 0000000038000000
0x0000700008002070:   0000000000000000 0000000000000000
0x0000700008002080:   0000000000000000 00007faab65c9500
0x0000700008002090:   00007000080020b0 800180017fff7fff
0x00007000080020a0:   0000000000000000 00007faab65cfcc0
0x00007000080020b0:   00007faab65cfc30 0000000000000000
0x00007000080020c0:   0000000000000000 0000000000000000
0x00007000080020d0:   00007faab65c9500 00007faab65cfcc0
0x00007000080020e0:   00007faab65cfc90 0000000000000000
0x00007000080020f0:   0000000000000000 0000000000000000
0x0000700008002100:   00007faab65cfc38 00007faab65cfc90
0x0000700008002110:   00007faab65cfc90 00007faab65cfc90
0x0000700008002120:   00007faab65c0000 00007faab65cfc90
0x0000700008002130:   00007faab65cfc01 00007faab65cfcb8
0x0000700008002140:   00007faab65cfcc0 00007faab65cfcc0
0x0000700008002150:   00007faab65cfcc0 000000012ed50000
0x0000700008002160:   00007faab65cfcc0 00007faab65cfc01
0x0000700008002170:   00007faab65cfce0 00007faab65c9500
0x0000700008002180:   00007faab65c9500 00007faab65c9500
0x0000700008002190:   00007faab80f0000 00007faab65c9500
0x00007000080021a0:   00007faab65cfc01 00007faab80f1200
0x00007000080021b0:   0000700008002237 000000012edde23c
0x00007000080021c0:   00007000080021f0 0000700008002201
0x00007000080021d0:   00007faab65cfc30 00007faab80f1200
0x00007000080021e0:   00000000ffffffff 00007faab65bafc0
0x00007000080021f0:   0000700008002260 000000012ec41ae2
0x0000700008002200:   00007faab65bafc0 000000012ec48be3
0x0000700008002210:   0000700008002140 0000000000000000
0x0000700008002220:   0000001600000000 00000006c002e300
0x0000700008002230:   01007000080022d0 00007faab65bafc0
0x0000700008002240:   0000000000000001 0000000000000001
0x0000700008002250:   0000000000000000 ccadaeb7aa0f0040 

Instructions: (pc=0x000000012ec506a7)
0x000000012ec50687:   e8 0a 94 10 00 41 83 bf c0 16 00 00 00 7e 0a 4c
0x000000012ec50697:   89 ff e8 9a ed 0b 00 eb 15 49 8b 87 10 0b 00 00
0x000000012ec506a7:   80 78 0c 00 74 08 4c 89 ff e8 f7 ed 0b 00 41 83
0x000000012ec506b7:   bf 40 4c 00 00 00 7e 3f 31 db 49 8b 87 48 4c 00 

Register to memory mapping:

RAX=0x0000000000000000 is an unknown value
RBX=0x0000000000000000 is an unknown value
RCX=0x0000000000000000 is an unknown value
RDX=0x00007faab65cfc90 is an unknown value
RSP=0x0000700008002060 is pointing into the stack for thread: 0x00007faab51ca800
RBP=0x00007000080021f0 is pointing into the stack for thread: 0x00007faab51ca800
RSI=0x0000000000000001 is an unknown value
RDI=0x0000700008002118 is pointing into the stack for thread: 0x00007faab51ca800
R8 =0x0000000000000000 is an unknown value
R9 =0x0000000000000000 is an unknown value
R10=0x00000000fffff800 is an unknown value
R11=0x00007faab6500000 is an unknown value
R12=0x0000000000000000 is an unknown value
R13=0x0000000000000000 is an unknown value
R14=0x00007faab65cfc30 is an unknown value
R15=0x00007faab80f1200 is an unknown value


Stack: [0x0000700007f06000,0x0000700008006000],  sp=0x0000700008002060,  free space=1008k
Native frames: (J=compiled Java code, j=interpreted, Vv=VM code, C=native code)
C  [libtesseract.dylib+0x126a7]  tesseract::Tesseract::recog_all_words(PAGE_RES*, ETEXT_DESC*, TBOX const*, char const*, int)+0xad
C  [libtesseract.dylib+0x3ae2]  tesseract::TessBaseAPI::Recognize(ETEXT_DESC*)+0x2fc
C  [libtesseract.dylib+0x2714]  tesseract::TessBaseAPI::GetUTF8Text()+0x30
C  [jna4010428883727082540.tmp+0xe134]  ffi_call_unix64+0x4c
C  0x0000700008002cb8

Java frames: (J=compiled Java code, j=interpreted, Vv=VM code)
j  com.sun.jna.Native.invokePointer(JI[Ljava/lang/Object;)J+0
j  com.sun.jna.Function.invokePointer(I[Ljava/lang/Object;)Lcom/sun/jna/Pointer;+6
j  com.sun.jna.Function.invoke([Ljava/lang/Object;Ljava/lang/Class;Z)Ljava/lang/Object;+414
j  com.sun.jna.Function.invoke(Ljava/lang/reflect/Method;[Ljava/lang/Class;Ljava/lang/Class;[Ljava/lang/Object;Ljava/util/Map;)Ljava/lang/Object;+249
j  com.sun.jna.Library$Handler.invoke(Ljava/lang/Object;Ljava/lang/reflect/Method;[Ljava/lang/Object;)Ljava/lang/Object;+348
j  com.sun.proxy.$Proxy60.TessBaseAPIGetUTF8Text(Lnet/sourceforge/tess4j/ITessAPI$TessBaseAPI;)Lcom/sun/jna/Pointer;+16
j  net.sourceforge.tess4j.Tesseract.getOCRText(Ljava/lang/String;I)Ljava/lang/String;+62
j  net.sourceforge.tess4j.Tesseract.doOCR(Ljava/util/List;Ljava/lang/String;Ljava/awt/Rectangle;)Ljava/lang/String;+69
j  net.sourceforge.tess4j.Tesseract.doOCR(Ljava/util/List;Ljava/awt/Rectangle;)Ljava/lang/String;+4
j  net.sourceforge.tess4j.Tesseract.doOCR(Ljava/awt/image/BufferedImage;Ljava/awt/Rectangle;)Ljava/lang/String;+6
j  net.sourceforge.tess4j.Tesseract.doOCR(Ljava/awt/image/BufferedImage;)Ljava/lang/String;+3
j  com.login.demo.demo.controller.TestController.login()Ljava/lang/String;+283
v  ~StubRoutines::call_stub
J 1461  sun.reflect.NativeMethodAccessorImpl.invoke0(Ljava/lang/reflect/Method;Ljava/lang/Object;[Ljava/lang/Object;)Ljava/lang/Object; (0 bytes) @ 0x0000000110b3eef7 [0x0000000110b3ee80+0x77]
J 1460 C1 sun.reflect.NativeMethodAccessorImpl.invoke(Ljava/lang/Object;[Ljava/lang/Object;)Ljava/lang/Object; (104 bytes) @ 0x0000000110b3ff8c [0x0000000110b3fba0+0x3ec]
J 1077 C1 sun.reflect.DelegatingMethodAccessorImpl.invoke(Ljava/lang/Object;[Ljava/lang/Object;)Ljava/lang/Object; (10 bytes) @ 0x0000000110a57de4 [0x0000000110a57d80+0x64]
J 1076 C1 java.lang.reflect.Method.invoke(Ljava/lang/Object;[Ljava/lang/Object;)Ljava/lang/Object; (62 bytes) @ 0x0000000110a5799c [0x0000000110a57860+0x13c]
j  org.springframework.web.method.support.InvocableHandlerMethod.doInvoke([Ljava/lang/Object;)Ljava/lang/Object;+16
j  org.springframework.web.method.support.InvocableHandlerMethod.invokeForRequest(Lorg/springframework/web/context/request/NativeWebRequest;Lorg/springframework/web/method/support/ModelAndViewContainer;[Ljava/lang/Object;)Ljava/lang/Object;+75
j  org.springframework.web.servlet.mvc.method.annotation.ServletInvocableHandlerMethod.invokeAndHandle(Lorg/springframework/web/context/request/ServletWebRequest;Lorg/springframework/web/method/support/ModelAndViewContainer;[Ljava/lang/Object;)V+4
j  org.springframework.web.servlet.mvc.method.annotation.RequestMappingHandlerAdapter.invokeHandlerMethod(Ljavax/servlet/http/HttpServletRequest;Ljavax/servlet/http/HttpServletResponse;Lorg/springframework/web/method/HandlerMethod;)Lorg/springframework/web/servlet/ModelAndView;+262
j  org.springframework.web.servlet.mvc.method.annotation.RequestMappingHandlerAdapter.handleInternal(Ljavax/servlet/http/HttpServletRequest;Ljavax/servlet/http/HttpServletResponse;Lorg/springframework/web/method/HandlerMethod;)Lorg/springframework/web/servlet/ModelAndView;+81
j  org.springframework.web.servlet.mvc.method.AbstractHandlerMethodAdapter.handle(Ljavax/servlet/http/HttpServletRequest;Ljavax/servlet/http/HttpServletResponse;Ljava/lang/Object;)Lorg/springframework/web/servlet/ModelAndView;+7
j  org.springframework.web.servlet.DispatcherServlet.doDispatch(Ljavax/servlet/http/HttpServletRequest;Ljavax/servlet/http/HttpServletResponse;)V+318
j  org.springframework.web.servlet.DispatcherServlet.doService(Ljavax/servlet/http/HttpServletRequest;Ljavax/servlet/http/HttpServletResponse;)V+301
j  org.springframework.web.servlet.FrameworkServlet.processRequest(Ljavax/servlet/http/HttpServletRequest;Ljavax/servlet/http/HttpServletResponse;)V+71
j  org.springframework.web.servlet.FrameworkServlet.doGet(Ljavax/servlet/http/HttpServletRequest;Ljavax/servlet/http/HttpServletResponse;)V+3
j  javax.servlet.http.HttpServlet.service(Ljavax/servlet/http/HttpServletRequest;Ljavax/servlet/http/HttpServletResponse;)V+35
j  org.springframework.web.servlet.FrameworkServlet.service(Ljavax/servlet/http/HttpServletRequest;Ljavax/servlet/http/HttpServletResponse;)V+33
j  javax.servlet.http.HttpServlet.service(Ljavax/servlet/ServletRequest;Ljavax/servlet/ServletResponse;)V+30
j  org.apache.catalina.core.ApplicationFilterChain.internalDoFilter(Ljavax/servlet/ServletRequest;Ljavax/servlet/ServletResponse;)V+304
j  org.apache.catalina.core.ApplicationFilterChain.doFilter(Ljavax/servlet/ServletRequest;Ljavax/servlet/ServletResponse;)V+101
j  org.apache.tomcat.websocket.server.WsFilter.doFilter(Ljavax/servlet/ServletRequest;Ljavax/servlet/ServletResponse;Ljavax/servlet/FilterChain;)V+21
j  org.apache.catalina.core.ApplicationFilterChain.internalDoFilter(Ljavax/servlet/ServletRequest;Ljavax/servlet/ServletResponse;)V+135
j  org.apache.catalina.core.ApplicationFilterChain.doFilter(Ljavax/servlet/ServletRequest;Ljavax/servlet/ServletResponse;)V+101
j  org.springframework.web.filter.RequestContextFilter.doFilterInternal(Ljavax/servlet/http/HttpServletRequest;Ljavax/servlet/http/HttpServletResponse;Ljavax/servlet/FilterChain;)V+21
j  org.springframework.web.filter.OncePerRequestFilter.doFilter(Ljavax/servlet/ServletRequest;Ljavax/servlet/ServletResponse;Ljavax/servlet/FilterChain;)V+111
j  org.apache.catalina.core.ApplicationFilterChain.internalDoFilter(Ljavax/servlet/ServletRequest;Ljavax/servlet/ServletResponse;)V+135
j  org.apache.catalina.core.ApplicationFilterChain.doFilter(Ljavax/servlet/ServletRequest;Ljavax/servlet/ServletResponse;)V+101
j  org.springframework.web.filter.HttpPutFormContentFilter.doFilterInternal(Ljavax/servlet/http/HttpServletRequest;Ljavax/servlet/http/HttpServletResponse;Ljavax/servlet/FilterChain;)V+95
j  org.springframework.web.filter.OncePerRequestFilter.doFilter(Ljavax/servlet/ServletRequest;Ljavax/servlet/ServletResponse;Ljavax/servlet/FilterChain;)V+111
j  org.apache.catalina.core.ApplicationFilterChain.internalDoFilter(Ljavax/servlet/ServletRequest;Ljavax/servlet/ServletResponse;)V+135
j  org.apache.catalina.core.ApplicationFilterChain.doFilter(Ljavax/servlet/ServletRequest;Ljavax/servlet/ServletResponse;)V+101
j  org.springframework.web.filter.HiddenHttpMethodFilter.doFilterInternal(Ljavax/servlet/http/HttpServletRequest;Ljavax/servlet/http/HttpServletResponse;Ljavax/servlet/FilterChain;)V+64
j  org.springframework.web.filter.OncePerRequestFilter.doFilter(Ljavax/servlet/ServletRequest;Ljavax/servlet/ServletResponse;Ljavax/servlet/FilterChain;)V+111
j  org.apache.catalina.core.ApplicationFilterChain.internalDoFilter(Ljavax/servlet/ServletRequest;Ljavax/servlet/ServletResponse;)V+135
j  org.apache.catalina.core.ApplicationFilterChain.doFilter(Ljavax/servlet/ServletRequest;Ljavax/servlet/ServletResponse;)V+101
j  org.springframework.web.filter.CharacterEncodingFilter.doFilterInternal(Ljavax/servlet/http/HttpServletRequest;Ljavax/servlet/http/HttpServletResponse;Ljavax/servlet/FilterChain;)V+53
j  org.springframework.web.filter.OncePerRequestFilter.doFilter(Ljavax/servlet/ServletRequest;Ljavax/servlet/ServletResponse;Ljavax/servlet/FilterChain;)V+111
j  org.apache.catalina.core.ApplicationFilterChain.internalDoFilter(Ljavax/servlet/ServletRequest;Ljavax/servlet/ServletResponse;)V+135
j  org.apache.catalina.core.ApplicationFilterChain.doFilter(Ljavax/servlet/ServletRequest;Ljavax/servlet/ServletResponse;)V+101
j  org.apache.catalina.core.StandardWrapperValve.invoke(Lorg/apache/catalina/connector/Request;Lorg/apache/catalina/connector/Response;)V+688
j  org.apache.catalina.core.StandardContextValve.invoke(Lorg/apache/catalina/connector/Request;Lorg/apache/catalina/connector/Response;)V+166
j  org.apache.catalina.authenticator.AuthenticatorBase.invoke(Lorg/apache/catalina/connector/Request;Lorg/apache/catalina/connector/Response;)V+272
j  org.apache.catalina.core.StandardHostValve.invoke(Lorg/apache/catalina/connector/Request;Lorg/apache/catalina/connector/Response;)V+138
j  org.apache.catalina.valves.ErrorReportValve.invoke(Lorg/apache/catalina/connector/Request;Lorg/apache/catalina/connector/Response;)V+6
j  org.apache.catalina.core.StandardEngineValve.invoke(Lorg/apache/catalina/connector/Request;Lorg/apache/catalina/connector/Response;)V+71
j  org.apache.catalina.connector.CoyoteAdapter.service(Lorg/apache/coyote/Request;Lorg/apache/coyote/Response;)V+199
j  org.apache.coyote.http11.Http11Processor.service(Lorg/apache/tomcat/util/net/SocketWrapperBase;)Lorg/apache/tomcat/util/net/AbstractEndpoint$Handler$SocketState;+806
j  org.apache.coyote.AbstractProcessorLight.process(Lorg/apache/tomcat/util/net/SocketWrapperBase;Lorg/apache/tomcat/util/net/SocketEvent;)Lorg/apache/tomcat/util/net/AbstractEndpoint$Handler$SocketState;+113
j  org.apache.coyote.AbstractProtocol$ConnectionHandler.process(Lorg/apache/tomcat/util/net/SocketWrapperBase;Lorg/apache/tomcat/util/net/SocketEvent;)Lorg/apache/tomcat/util/net/AbstractEndpoint$Handler$SocketState;+378
j  org.apache.tomcat.util.net.NioEndpoint$SocketProcessor.doRun()V+191
j  org.apache.tomcat.util.net.SocketProcessorBase.run()V+21
j  java.util.concurrent.ThreadPoolExecutor.runWorker(Ljava/util/concurrent/ThreadPoolExecutor$Worker;)V+95
j  java.util.concurrent.ThreadPoolExecutor$Worker.run()V+5
j  org.apache.tomcat.util.threads.TaskThread$WrappingRunnable.run()V+4
j  java.lang.Thread.run()V+11
v  ~StubRoutines::call_stub

---------------  P R O C E S S  ---------------

Java Threads: ( => current thread )
  0x00007faab5229800 JavaThread "Java2D Disposer" daemon [_thread_blocked, id=40991, stack(0x00007000070dc000,0x00007000071dc000)]
  0x00007faab407a800 JavaThread "AWT-AppKit" daemon [_thread_in_native, id=775, stack(0x00007ffee12c3000,0x00007ffee1ac3000)]
  0x00007faab73b1000 JavaThread "RMI TCP Connection(4)-127.0.0.1" daemon [_thread_in_native, id=30723, stack(0x0000700008f36000,0x0000700009036000)]
  0x00007faab51d1800 JavaThread "RMI TCP Connection(3)-127.0.0.1" daemon [_thread_in_native, id=30215, stack(0x0000700008d30000,0x0000700008e30000)]
  0x00007faab739c000 JavaThread "DestroyJavaVM" [_thread_blocked, id=6403, stack(0x0000700005405000,0x0000700005505000)]
  0x00007faab41b4800 JavaThread "http-nio-8080-AsyncTimeout" daemon [_thread_blocked, id=32771, stack(0x0000700008c2d000,0x0000700008d2d000)]
  0x00007faab4ad7800 JavaThread "http-nio-8080-Acceptor-0" daemon [_thread_in_native, id=33027, stack(0x0000700008b2a000,0x0000700008c2a000)]
  0x00007faab8198000 JavaThread "http-nio-8080-ClientPoller-1" daemon [_thread_in_native, id=33539, stack(0x0000700008a27000,0x0000700008b27000)]
  0x00007faab4aee800 JavaThread "http-nio-8080-ClientPoller-0" daemon [_thread_in_native, id=33795, stack(0x0000700008924000,0x0000700008a24000)]
  0x00007faab8196800 JavaThread "http-nio-8080-exec-10" daemon [_thread_blocked, id=34051, stack(0x0000700008821000,0x0000700008921000)]
  0x00007faab4ad6800 JavaThread "http-nio-8080-exec-9" daemon [_thread_blocked, id=28931, stack(0x000070000871e000,0x000070000881e000)]
  0x00007faab695b000 JavaThread "http-nio-8080-exec-8" daemon [_thread_blocked, id=34563, stack(0x000070000861b000,0x000070000871b000)]
  0x00007faab59e2800 JavaThread "http-nio-8080-exec-7" daemon [_thread_blocked, id=28163, stack(0x0000700008518000,0x0000700008618000)]
  0x00007faab51d2800 JavaThread "http-nio-8080-exec-6" daemon [_thread_blocked, id=34819, stack(0x0000700008415000,0x0000700008515000)]
  0x00007faab59e1800 JavaThread "http-nio-8080-exec-5" daemon [_thread_blocked, id=27395, stack(0x0000700008312000,0x0000700008412000)]
  0x00007faab4ad0800 JavaThread "http-nio-8080-exec-4" daemon [_thread_blocked, id=26883, stack(0x000070000820f000,0x000070000830f000)]
  0x00007faab59e1000 JavaThread "http-nio-8080-exec-3" daemon [_thread_blocked, id=35075, stack(0x000070000810c000,0x000070000820c000)]
  0x00007faab59df800 JavaThread "http-nio-8080-exec-2" daemon [_thread_blocked, id=26371, stack(0x0000700008009000,0x0000700008109000)]
=>0x00007faab51ca800 JavaThread "http-nio-8080-exec-1" daemon [_thread_in_native, id=35843, stack(0x0000700007f06000,0x0000700008006000)]
  0x00007faab51bf000 JavaThread "NioBlockingSelector.BlockPoller-1" daemon [_thread_in_native, id=36359, stack(0x0000700007e03000,0x0000700007f03000)]
  0x00007faab6854000 JavaThread "I/O dispatcher 8" [_thread_in_native, id=26115, stack(0x0000700007d00000,0x0000700007e00000)]
  0x00007faab5197800 JavaThread "I/O dispatcher 7" [_thread_in_native, id=25859, stack(0x0000700007bfd000,0x0000700007cfd000)]
  0x00007faab6853000 JavaThread "I/O dispatcher 6" [_thread_in_native, id=25347, stack(0x0000700007afa000,0x0000700007bfa000)]
  0x00007faab5962000 JavaThread "I/O dispatcher 5" [_thread_in_native, id=37379, stack(0x00007000079f7000,0x0000700007af7000)]
  0x00007faab7855000 JavaThread "I/O dispatcher 4" [_thread_in_native, id=37891, stack(0x00007000078f4000,0x00007000079f4000)]
  0x00007faab41b6000 JavaThread "I/O dispatcher 3" [_thread_in_native, id=38403, stack(0x00007000077f1000,0x00007000078f1000)]
  0x00007faab738a800 JavaThread "I/O dispatcher 2" [_thread_in_native, id=38915, stack(0x00007000076ee000,0x00007000077ee000)]
  0x00007faab7371800 JavaThread "I/O dispatcher 1" [_thread_in_native, id=39427, stack(0x00007000075eb000,0x00007000076eb000)]
  0x00007faab7361800 JavaThread "pool-1-thread-1" [_thread_in_native, id=25095, stack(0x00007000074e8000,0x00007000075e8000)]
  0x00007faab4195800 JavaThread "container-0" [_thread_blocked, id=24579, stack(0x00007000073e5000,0x00007000074e5000)]
  0x00007faab4ac8000 JavaThread "ContainerBackgroundProcessor[StandardEngine[Tomcat]]" daemon [_thread_blocked, id=40195, stack(0x00007000072e2000,0x00007000073e2000)]
  0x00007faab7223800 JavaThread "RMI Scheduler(0)" daemon [_thread_blocked, id=23811, stack(0x0000700006fd9000,0x00007000070d9000)]
  0x00007faab50a7000 JavaThread "RMI TCP Connection(2)-127.0.0.1" daemon [_thread_in_native, id=23299, stack(0x0000700006ed6000,0x0000700006fd6000)]
  0x00007faab58cb000 JavaThread "RMI TCP Connection(1)-127.0.0.1" daemon [_thread_in_native, id=41475, stack(0x0000700006dd3000,0x0000700006ed3000)]
  0x00007faab7849800 JavaThread "RMI TCP Accept-0" daemon [_thread_in_native, id=42243, stack(0x0000700006bcd000,0x0000700006ccd000)]
  0x00007faab6878800 JavaThread "RMI TCP Accept-51146" daemon [_thread_in_native, id=22787, stack(0x0000700006aca000,0x0000700006bca000)]
  0x00007faab4089000 JavaThread "RMI TCP Accept-0" daemon [_thread_in_native, id=22531, stack(0x00007000069c7000,0x0000700006ac7000)]
  0x00007faab781c800 JavaThread "Service Thread" daemon [_thread_blocked, id=22275, stack(0x00007000068c4000,0x00007000069c4000)]
  0x00007faab5827000 JavaThread "C1 CompilerThread3" daemon [_thread_blocked, id=43267, stack(0x00007000067c1000,0x00007000068c1000)]
  0x00007faab801d800 JavaThread "C2 CompilerThread2" daemon [_thread_blocked, id=15619, stack(0x00007000066be000,0x00007000067be000)]
  0x00007faab801d000 JavaThread "C2 CompilerThread1" daemon [_thread_blocked, id=15875, stack(0x00007000065bb000,0x00007000066bb000)]
  0x00007faab800b000 JavaThread "C2 CompilerThread0" daemon [_thread_blocked, id=15107, stack(0x00007000064b8000,0x00007000065b8000)]
  0x00007faab800a800 JavaThread "JDWP Command Reader" daemon [_thread_in_native, id=14595, stack(0x00007000063b5000,0x00007000064b5000)]
  0x00007faab682f800 JavaThread "JDWP Event Helper Thread" daemon [_thread_blocked, id=14083, stack(0x00007000062b2000,0x00007000063b2000)]
  0x00007faab4029800 JavaThread "JDWP Transport Listener: dt_socket" daemon [_thread_blocked, id=16391, stack(0x00007000061af000,0x00007000062af000)]
  0x00007faab400b000 JavaThread "Signal Dispatcher" daemon [_thread_blocked, id=16907, stack(0x00007000060ac000,0x00007000061ac000)]
  0x00007faab5815000 JavaThread "Finalizer" daemon [_thread_blocked, id=18435, stack(0x0000700005f26000,0x0000700006026000)]
  0x00007faab7822000 JavaThread "Reference Handler" daemon [_thread_blocked, id=18691, stack(0x0000700005e23000,0x0000700005f23000)]

Other Threads:
  0x00007faab500b000 VMThread [stack: 0x0000700005d20000,0x0000700005e20000] [id=18947]
  0x00007faab687d800 WatcherThread [stack: 0x0000700006cd0000,0x0000700006dd0000] [id=41731]

VM state:not at safepoint (normal execution)

VM Mutex/Monitor currently owned by a thread: None

Heap:
 PSYoungGen      total 145920K, used 13902K [0x000000076ab00000, 0x0000000777880000, 0x00000007c0000000)
  eden space 132096K, 10% used [0x000000076ab00000,0x000000076b8939f8,0x0000000772c00000)
  from space 13824K, 0% used [0x0000000773c00000,0x0000000773c00000,0x0000000774980000)
  to   space 16384K, 0% used [0x0000000772c00000,0x0000000772c00000,0x0000000773c00000)
 ParOldGen       total 179712K, used 21654K [0x00000006c0000000, 0x00000006caf80000, 0x000000076ab00000)
  object space 179712K, 12% used [0x00000006c0000000,0x00000006c1525bd8,0x00000006caf80000)
 Metaspace       used 36141K, capacity 36624K, committed 36952K, reserved 1081344K
  class space    used 4624K, capacity 4763K, committed 4864K, reserved 1048576K

Card table byte_map: [0x000000011fb67000,0x0000000120368000] byte_map_base: 0x000000011c567000

Marking Bits: (ParMarkBitMap*) 0x00000001100f35d0
 Begin Bits: [0x00000001208be000, 0x00000001248be000)
 End Bits:   [0x00000001248be000, 0x00000001288be000)

Polling page: 0x000000010e1c1000

CodeCache: size=245760Kb used=7931Kb max_used=7931Kb free=237828Kb
 bounds [0x00000001107a7000, 0x0000000110f67000, 0x000000011f7a7000]
 total_blobs=3972 nmethods=3428 adapters=464
 compilation: enabled

Compilation events (10 events):
Event: 21.278 Thread 0x00007faab5827000 3425       1       javax.imageio.stream.ImageInputStreamImpl::checkClosed (18 bytes)
Event: 21.278 Thread 0x00007faab5827000 nmethod 3425 0x0000000110f62690 code [0x0000000110f62800, 0x0000000110f629c8]
Event: 21.280 Thread 0x00007faab5827000 3426       1       sun.awt.image.BytePackedRaster::getByteData (786 bytes)
Event: 21.281 Thread 0x00007faab5827000 nmethod 3426 0x0000000110f62a90 code [0x0000000110f62ca0, 0x0000000110f63aa8]
Event: 21.281 Thread 0x00007faab5827000 3427  s    1       java.util.Stack::peek (25 bytes)
Event: 21.281 Thread 0x00007faab5827000 nmethod 3427 0x0000000110f64e50 code [0x0000000110f64fe0, 0x0000000110f65498]
Event: 21.303 Thread 0x00007faab5827000 3428       1       com.github.jaiimageio.plugins.tiff.TIFFTag::getNumber (5 bytes)
Event: 21.303 Thread 0x00007faab5827000 nmethod 3428 0x0000000110f65650 code [0x0000000110f657a0, 0x0000000110f658b0]
Event: 21.303 Thread 0x00007faab5827000 3429       1       com.github.jaiimageio.plugins.tiff.TIFFTag::getName (5 bytes)
Event: 21.303 Thread 0x00007faab5827000 nmethod 3429 0x0000000110f65910 code [0x0000000110f65a60, 0x0000000110f65b70]

GC Heap History (10 events):
Event: 1.968 GC heap before
{Heap before GC invocations=4 (full 1):
 PSYoungGen      total 76288K, used 8189K [0x000000076ab00000, 0x0000000774000000, 0x00000007c0000000)
  eden space 65536K, 0% used [0x000000076ab00000,0x000000076ab00000,0x000000076eb00000)
  from space 10752K, 76% used [0x000000076eb00000,0x000000076f2ff7c8,0x000000076f580000)
  to   space 10752K, 0% used [0x0000000773580000,0x0000000773580000,0x0000000774000000)
 ParOldGen       total 175104K, used 104K [0x00000006c0000000, 0x00000006cab00000, 0x000000076ab00000)
  object space 175104K, 0% used [0x00000006c0000000,0x00000006c001a010,0x00000006cab00000)
 Metaspace       used 20804K, capacity 21078K, committed 21248K, reserved 1067008K
  class space    used 2624K, capacity 2704K, committed 2816K, reserved 1048576K
Event: 2.015 GC heap after
Heap after GC invocations=4 (full 1):
 PSYoungGen      total 76288K, used 0K [0x000000076ab00000, 0x0000000774000000, 0x00000007c0000000)
  eden space 65536K, 0% used [0x000000076ab00000,0x000000076ab00000,0x000000076eb00000)
  from space 10752K, 0% used [0x000000076eb00000,0x000000076eb00000,0x000000076f580000)
  to   space 10752K, 0% used [0x0000000773580000,0x0000000773580000,0x0000000774000000)
 ParOldGen       total 110592K, used 8080K [0x00000006c0000000, 0x00000006c6c00000, 0x000000076ab00000)
  object space 110592K, 7% used [0x00000006c0000000,0x00000006c07e42d8,0x00000006c6c00000)
 Metaspace       used 20804K, capacity 21078K, committed 21248K, reserved 1067008K
  class space    used 2624K, capacity 2704K, committed 2816K, reserved 1048576K
}
Event: 2.546 GC heap before
{Heap before GC invocations=5 (full 1):
 PSYoungGen      total 76288K, used 65536K [0x000000076ab00000, 0x0000000774000000, 0x00000007c0000000)
  eden space 65536K, 100% used [0x000000076ab00000,0x000000076eb00000,0x000000076eb00000)
  from space 10752K, 0% used [0x000000076eb00000,0x000000076eb00000,0x000000076f580000)
  to   space 10752K, 0% used [0x0000000773580000,0x0000000773580000,0x0000000774000000)
 ParOldGen       total 110592K, used 8080K [0x00000006c0000000, 0x00000006c6c00000, 0x000000076ab00000)
  object space 110592K, 7% used [0x00000006c0000000,0x00000006c07e42d8,0x00000006c6c00000)
 Metaspace       used 24582K, capacity 24924K, committed 25088K, reserved 1071104K
  class space    used 3114K, capacity 3217K, committed 3328K, reserved 1048576K
Event: 2.555 GC heap after
Heap after GC invocations=5 (full 1):
 PSYoungGen      total 102912K, used 9126K [0x000000076ab00000, 0x0000000773e80000, 0x00000007c0000000)
  eden space 93696K, 0% used [0x000000076ab00000,0x000000076ab00000,0x0000000770680000)
  from space 9216K, 99% used [0x0000000773580000,0x0000000773e69900,0x0000000773e80000)
  to   space 10752K, 0% used [0x0000000772980000,0x0000000772980000,0x0000000773400000)
 ParOldGen       total 110592K, used 8088K [0x00000006c0000000, 0x00000006c6c00000, 0x000000076ab00000)
  object space 110592K, 7% used [0x00000006c0000000,0x00000006c07e62d8,0x00000006c6c00000)
 Metaspace       used 24582K, capacity 24924K, committed 25088K, reserved 1071104K
  class space    used 3114K, capacity 3217K, committed 3328K, reserved 1048576K
}
Event: 3.238 GC heap before
{Heap before GC invocations=6 (full 1):
 PSYoungGen      total 102912K, used 102822K [0x000000076ab00000, 0x0000000773e80000, 0x00000007c0000000)
  eden space 93696K, 100% used [0x000000076ab00000,0x0000000770680000,0x0000000770680000)
  from space 9216K, 99% used [0x0000000773580000,0x0000000773e69900,0x0000000773e80000)
  to   space 10752K, 0% used [0x0000000772980000,0x0000000772980000,0x0000000773400000)
 ParOldGen       total 110592K, used 8088K [0x00000006c0000000, 0x00000006c6c00000, 0x000000076ab00000)
  object space 110592K, 7% used [0x00000006c0000000,0x00000006c07e62d8,0x00000006c6c00000)
 Metaspace       used 28920K, capacity 29328K, committed 29440K, reserved 1075200K
  class space    used 3682K, capacity 3816K, committed 3840K, reserved 1048576K
Event: 3.251 GC heap after
Heap after GC invocations=6 (full 1):
 PSYoungGen      total 140288K, used 10750K [0x000000076ab00000, 0x0000000774980000, 0x00000007c0000000)
  eden space 129536K, 0% used [0x000000076ab00000,0x000000076ab00000,0x0000000772980000)
  from space 10752K, 99% used [0x0000000772980000,0x00000007733ffb50,0x0000000773400000)
  to   space 13824K, 0% used [0x0000000773c00000,0x0000000773c00000,0x0000000774980000)
 ParOldGen       total 110592K, used 11742K [0x00000006c0000000, 0x00000006c6c00000, 0x000000076ab00000)
  object space 110592K, 10% used [0x00000006c0000000,0x00000006c0b77bf0,0x00000006c6c00000)
 Metaspace       used 28920K, capacity 29328K, committed 29440K, reserved 1075200K
  class space    used 3682K, capacity 3816K, committed 3840K, reserved 1048576K
}
Event: 21.051 GC heap before
{Heap before GC invocations=7 (full 1):
 PSYoungGen      total 140288K, used 79252K [0x000000076ab00000, 0x0000000774980000, 0x00000007c0000000)
  eden space 129536K, 52% used [0x000000076ab00000,0x000000076ede5730,0x0000000772980000)
  from space 10752K, 99% used [0x0000000772980000,0x00000007733ffb50,0x0000000773400000)
  to   space 13824K, 0% used [0x0000000773c00000,0x0000000773c00000,0x0000000774980000)
 ParOldGen       total 110592K, used 11742K [0x00000006c0000000, 0x00000006c6c00000, 0x000000076ab00000)
  object space 110592K, 10% used [0x00000006c0000000,0x00000006c0b77bf0,0x00000006c6c00000)
 Metaspace       used 34754K, capacity 35184K, committed 35416K, reserved 1081344K
  class space    used 4402K, capacity 4539K, committed 4608K, reserved 1048576K
Event: 21.064 GC heap after
Heap after GC invocations=7 (full 1):
 PSYoungGen      total 145920K, used 13806K [0x000000076ab00000, 0x0000000777880000, 0x00000007c0000000)
  eden space 132096K, 0% used [0x000000076ab00000,0x000000076ab00000,0x0000000772c00000)
  from space 13824K, 99% used [0x0000000773c00000,0x000000077497bbe8,0x0000000774980000)
  to   space 16384K, 0% used [0x0000000772c00000,0x0000000772c00000,0x0000000773c00000)
 ParOldGen       total 110592K, used 13812K [0x00000006c0000000, 0x00000006c6c00000, 0x000000076ab00000)
  object space 110592K, 12% used [0x00000006c0000000,0x00000006c0d7d120,0x00000006c6c00000)
 Metaspace       used 34754K, capacity 35184K, committed 35416K, reserved 1081344K
  class space    used 4402K, capacity 4539K, committed 4608K, reserved 1048576K
}
Event: 21.064 GC heap before
{Heap before GC invocations=8 (full 2):
 PSYoungGen      total 145920K, used 13806K [0x000000076ab00000, 0x0000000777880000, 0x00000007c0000000)
  eden space 132096K, 0% used [0x000000076ab00000,0x000000076ab00000,0x0000000772c00000)
  from space 13824K, 99% used [0x0000000773c00000,0x000000077497bbe8,0x0000000774980000)
  to   space 16384K, 0% used [0x0000000772c00000,0x0000000772c00000,0x0000000773c00000)
 ParOldGen       total 110592K, used 13812K [0x00000006c0000000, 0x00000006c6c00000, 0x000000076ab00000)
  object space 110592K, 12% used [0x00000006c0000000,0x00000006c0d7d120,0x00000006c6c00000)
 Metaspace       used 34754K, capacity 35184K, committed 35416K, reserved 1081344K
  class space    used 4402K, capacity 4539K, committed 4608K, reserved 1048576K
Event: 21.155 GC heap after
Heap after GC invocations=8 (full 2):
 PSYoungGen      total 145920K, used 0K [0x000000076ab00000, 0x0000000777880000, 0x00000007c0000000)
  eden space 132096K, 0% used [0x000000076ab00000,0x000000076ab00000,0x0000000772c00000)
  from space 13824K, 0% used [0x0000000773c00000,0x0000000773c00000,0x0000000774980000)
  to   space 16384K, 0% used [0x0000000772c00000,0x0000000772c00000,0x0000000773c00000)
 ParOldGen       total 179712K, used 21654K [0x00000006c0000000, 0x00000006caf80000, 0x000000076ab00000)
  object space 179712K, 12% used [0x00000006c0000000,0x00000006c1525bd8,0x00000006caf80000)
 Metaspace       used 34754K, capacity 35184K, committed 35416K, reserved 1081344K
  class space    used 4402K, capacity 4539K, committed 4608K, reserved 1048576K
}

Deoptimization events (0 events):
No events

Internal exceptions (10 events):
Event: 20.478 Thread 0x00007faab51ca800 Exception <a 'java/lang/ClassNotFoundException': org/springframework/web/servlet/ThemeResolverCustomizer> (0x000000076d549468) thrown at [/Users/java_re/workspace/8-2-build-macosx-x86_64/jdk8u144/9417/hotspot/src/share/vm/classfile/systemDictionary.cpp, l
Event: 20.480 Thread 0x00007faab51ca800 Exception <a 'java/lang/ClassNotFoundException': java/lang/ObjectCustomizer> (0x000000076d567c70) thrown at [/Users/java_re/workspace/8-2-build-macosx-x86_64/jdk8u144/9417/hotspot/src/share/vm/classfile/systemDictionary.cpp, line 210]
Event: 20.481 Thread 0x00007faab51ca800 Exception <a 'java/lang/ClassNotFoundException': org/springframework/web/servlet/view/DefaultRequestToViewNameTranslatorCustomizer> (0x000000076d585008) thrown at [/Users/java_re/workspace/8-2-build-macosx-x86_64/jdk8u144/9417/hotspot/src/share/vm/classfi
Event: 20.482 Thread 0x00007faab51ca800 Exception <a 'java/lang/ClassNotFoundException': org/springframework/web/servlet/RequestToViewNameTranslatorCustomizer> (0x000000076d5ade18) thrown at [/Users/java_re/workspace/8-2-build-macosx-x86_64/jdk8u144/9417/hotspot/src/share/vm/classfile/systemDic
Event: 20.484 Thread 0x00007faab51ca800 Exception <a 'java/lang/ClassNotFoundException': java/lang/ObjectCustomizer> (0x000000076d5dfe70) thrown at [/Users/java_re/workspace/8-2-build-macosx-x86_64/jdk8u144/9417/hotspot/src/share/vm/classfile/systemDictionary.cpp, line 210]
Event: 20.485 Thread 0x00007faab51ca800 Exception <a 'java/lang/ClassNotFoundException': org/springframework/web/servlet/support/AbstractFlashMapManagerCustomizer> (0x000000076d5fb6f0) thrown at [/Users/java_re/workspace/8-2-build-macosx-x86_64/jdk8u144/9417/hotspot/src/share/vm/classfile/syste
Event: 20.486 Thread 0x00007faab51ca800 Exception <a 'java/lang/ClassNotFoundException': org/springframework/web/servlet/support/SessionFlashMapManagerCustomizer> (0x000000076d61ade0) thrown at [/Users/java_re/workspace/8-2-build-macosx-x86_64/jdk8u144/9417/hotspot/src/share/vm/classfile/system
Event: 20.487 Thread 0x00007faab51ca800 Exception <a 'java/lang/ClassNotFoundException': org/springframework/web/servlet/FlashMapManagerCustomizer> (0x000000076d6323f0) thrown at [/Users/java_re/workspace/8-2-build-macosx-x86_64/jdk8u144/9417/hotspot/src/share/vm/classfile/systemDictionary.cpp,
Event: 20.972 Thread 0x00007faab51ca800 Exception <a 'java/io/FileNotFoundException'> (0x000000076ec0a0a8) thrown at [/Users/java_re/workspace/8-2-build-macosx-x86_64/jdk8u144/9417/hotspot/src/share/vm/prims/jni.cpp, line 709]
Event: 20.973 Thread 0x00007faab51ca800 Exception <a 'java/io/FileNotFoundException'> (0x000000076ec0afc8) thrown at [/Users/java_re/workspace/8-2-build-macosx-x86_64/jdk8u144/9417/hotspot/src/share/vm/prims/jni.cpp, line 709]

Events (10 events):
Event: 21.315 Thread 0x00007faab51ca800 DEOPT PACKING pc=0x0000000110cdda44 sp=0x0000700008001de0
Event: 21.315 Thread 0x00007faab51ca800 DEOPT UNPACKING pc=0x00000001107ee633 sp=0x0000700008001c10 mode 1
Event: 21.323 loading class com/sun/jna/Native$Buffers
Event: 21.323 loading class com/sun/jna/Native$Buffers done
Event: 21.323 Thread 0x00007faab51ca800 DEOPT PACKING pc=0x000000011099dc11 sp=0x00007000080015c0
Event: 21.323 Thread 0x00007faab51ca800 DEOPT UNPACKING pc=0x00000001107ee633 sp=0x0000700008001330 mode 1
Event: 21.323 Thread 0x00007faab51ca800 DEOPT PACKING pc=0x0000000110cddafc sp=0x0000700008001640
Event: 21.323 Thread 0x00007faab51ca800 DEOPT UNPACKING pc=0x00000001107ee633 sp=0x0000700008001470 mode 1
Event: 21.323 Thread 0x00007faab51ca800 DEOPT PACKING pc=0x0000000110cdda44 sp=0x00007000080017c0
Event: 21.323 Thread 0x00007faab51ca800 DEOPT UNPACKING pc=0x00000001107ee633 sp=0x00007000080015f0 mode 1


Dynamic libraries:
0x0000000006fde000 	/System/Library/Frameworks/Cocoa.framework/Versions/A/Cocoa
0x0000000006fde000 	/System/Library/Frameworks/Security.framework/Versions/A/Security
0x0000000006fde000 	/System/Library/Frameworks/ApplicationServices.framework/Versions/A/ApplicationServices
0x0000000006fde000 	/usr/lib/libz.1.dylib
0x0000000006fde000 	/usr/lib/libSystem.B.dylib
0x0000000006fde000 	/usr/lib/libobjc.A.dylib
0x0000000006fde000 	/System/Library/Frameworks/CoreFoundation.framework/Versions/A/CoreFoundation
0x0000000006fde000 	/System/Library/Frameworks/Foundation.framework/Versions/C/Foundation
0x0000000006fde000 	/System/Library/Frameworks/AppKit.framework/Versions/C/AppKit
0x0000000006fde000 	/System/Library/Frameworks/CoreData.framework/Versions/A/CoreData
0x0000000006fde000 	/System/Library/PrivateFrameworks/RemoteViewServices.framework/Versions/A/RemoteViewServices
0x0000000006fde000 	/System/Library/PrivateFrameworks/UIFoundation.framework/Versions/A/UIFoundation
0x0000000006fde000 	/System/Library/PrivateFrameworks/DFRFoundation.framework/Versions/A/DFRFoundation
0x0000000006fde000 	/System/Library/Frameworks/Metal.framework/Versions/A/Metal
0x0000000006fde000 	/System/Library/PrivateFrameworks/DesktopServicesPriv.framework/Versions/A/DesktopServicesPriv
0x0000000006fde000 	/usr/lib/libenergytrace.dylib
0x0000000006fde000 	/System/Library/PrivateFrameworks/SkyLight.framework/Versions/A/SkyLight
0x0000000006fde000 	/System/Library/Frameworks/CoreGraphics.framework/Versions/A/CoreGraphics
0x0000000006fde000 	/usr/lib/libScreenReader.dylib
0x0000000006fde000 	/System/Library/Frameworks/Accelerate.framework/Versions/A/Accelerate
0x0000000006fde000 	/System/Library/Frameworks/IOSurface.framework/Versions/A/IOSurface
0x0000000006fde000 	/System/Library/Frameworks/AudioToolbox.framework/Versions/A/AudioToolbox
0x0000000006fde000 	/System/Library/Frameworks/AudioUnit.framework/Versions/A/AudioUnit
0x0000000006fde000 	/System/Library/PrivateFrameworks/DataDetectorsCore.framework/Versions/A/DataDetectorsCore
0x0000000006fde000 	/System/Library/Frameworks/Carbon.framework/Versions/A/Frameworks/HIToolbox.framework/Versions/A/HIToolbox
0x0000000006fde000 	/usr/lib/libicucore.A.dylib
0x0000000006fde000 	/System/Library/Frameworks/QuartzCore.framework/Versions/A/QuartzCore
0x0000000006fde000 	/System/Library/Frameworks/Carbon.framework/Versions/A/Frameworks/SpeechRecognition.framework/Versions/A/SpeechRecognition
0x0000000006fde000 	/usr/lib/libauto.dylib
0x0000000006fde000 	/usr/lib/libxml2.2.dylib
0x0000000006fde000 	/System/Library/PrivateFrameworks/CoreUI.framework/Versions/A/CoreUI
0x0000000006fde000 	/System/Library/Frameworks/CoreAudio.framework/Versions/A/CoreAudio
0x0000000006fde000 	/System/Library/Frameworks/DiskArbitration.framework/Versions/A/DiskArbitration
0x0000000006fde000 	/usr/lib/liblangid.dylib
0x0000000006fde000 	/System/Library/PrivateFrameworks/MultitouchSupport.framework/Versions/A/MultitouchSupport
0x0000000006fde000 	/System/Library/Frameworks/IOKit.framework/Versions/A/IOKit
0x0000000006fde000 	/usr/lib/libDiagnosticMessagesClient.dylib
0x0000000006fde000 	/System/Library/Frameworks/CoreServices.framework/Versions/A/CoreServices
0x0000000006fde000 	/System/Library/PrivateFrameworks/PerformanceAnalysis.framework/Versions/A/PerformanceAnalysis
0x0000000006fde000 	/System/Library/Frameworks/OpenGL.framework/Versions/A/OpenGL
0x0000000006fde000 	/System/Library/Frameworks/ColorSync.framework/Versions/A/ColorSync
0x0000000006fde000 	/System/Library/Frameworks/CoreImage.framework/Versions/A/CoreImage
0x0000000006fde000 	/System/Library/Frameworks/CoreText.framework/Versions/A/CoreText
0x0000000006fde000 	/System/Library/Frameworks/ImageIO.framework/Versions/A/ImageIO
0x0000000006fde000 	/System/Library/PrivateFrameworks/Backup.framework/Versions/A/Backup
0x0000000006fde000 	/usr/lib/libarchive.2.dylib
0x0000000006fde000 	/System/Library/Frameworks/CFNetwork.framework/Versions/A/CFNetwork
0x0000000006fde000 	/System/Library/Frameworks/SystemConfiguration.framework/Versions/A/SystemConfiguration
0x0000000006fde000 	/usr/lib/libCRFSuite.dylib
0x0000000006fde000 	/usr/lib/libc++.1.dylib
0x0000000006fde000 	/usr/lib/libc++abi.dylib
0x0000000006fde000 	/usr/lib/system/libcache.dylib
0x0000000006fde000 	/usr/lib/system/libcommonCrypto.dylib
0x0000000006fde000 	/usr/lib/system/libcompiler_rt.dylib
0x0000000006fde000 	/usr/lib/system/libcopyfile.dylib
0x0000000006fde000 	/usr/lib/system/libcorecrypto.dylib
0x0000000006fde000 	/usr/lib/system/libdispatch.dylib
0x0000000006fde000 	/usr/lib/system/libdyld.dylib
0x0000000006fde000 	/usr/lib/system/libkeymgr.dylib
0x0000000006fde000 	/usr/lib/system/liblaunch.dylib
0x0000000006fde000 	/usr/lib/system/libmacho.dylib
0x0000000006fde000 	/usr/lib/system/libquarantine.dylib
0x0000000006fde000 	/usr/lib/system/libremovefile.dylib
0x0000000006fde000 	/usr/lib/system/libsystem_asl.dylib
0x0000000006fde000 	/usr/lib/system/libsystem_blocks.dylib
0x0000000006fde000 	/usr/lib/system/libsystem_c.dylib
0x0000000006fde000 	/usr/lib/system/libsystem_configuration.dylib
0x0000000006fde000 	/usr/lib/system/libsystem_coreservices.dylib
0x0000000006fde000 	/usr/lib/system/libsystem_darwin.dylib
0x0000000006fde000 	/usr/lib/system/libsystem_dnssd.dylib
0x0000000006fde000 	/usr/lib/system/libsystem_info.dylib
0x0000000006fde000 	/usr/lib/system/libsystem_m.dylib
0x0000000006fde000 	/usr/lib/system/libsystem_malloc.dylib
0x0000000006fde000 	/usr/lib/system/libsystem_network.dylib
0x0000000006fde000 	/usr/lib/system/libsystem_networkextension.dylib
0x0000000006fde000 	/usr/lib/system/libsystem_notify.dylib
0x0000000006fde000 	/usr/lib/system/libsystem_sandbox.dylib
0x0000000006fde000 	/usr/lib/system/libsystem_secinit.dylib
0x0000000006fde000 	/usr/lib/system/libsystem_kernel.dylib
0x0000000006fde000 	/usr/lib/system/libsystem_platform.dylib
0x0000000006fde000 	/usr/lib/system/libsystem_pthread.dylib
0x0000000006fde000 	/usr/lib/system/libsystem_symptoms.dylib
0x0000000006fde000 	/usr/lib/system/libsystem_trace.dylib
0x0000000006fde000 	/usr/lib/system/libunwind.dylib
0x0000000006fde000 	/usr/lib/system/libxpc.dylib
0x0000000006fde000 	/usr/lib/closure/libclosured.dylib
0x0000000006fde000 	/usr/lib/libbsm.0.dylib
0x0000000006fde000 	/usr/lib/system/libkxld.dylib
0x0000000006fde000 	/usr/lib/libOpenScriptingUtil.dylib
0x0000000006fde000 	/usr/lib/libcoretls.dylib
0x0000000006fde000 	/usr/lib/libcoretls_cfhelpers.dylib
0x0000000006fde000 	/usr/lib/libpam.2.dylib
0x0000000006fde000 	/usr/lib/libsqlite3.dylib
0x0000000006fde000 	/usr/lib/libxar.1.dylib
0x0000000006fde000 	/usr/lib/libbz2.1.0.dylib
0x0000000006fde000 	/usr/lib/liblzma.5.dylib
0x0000000006fde000 	/usr/lib/libnetwork.dylib
0x0000000006fde000 	/usr/lib/libapple_nghttp2.dylib
0x0000000006fde000 	/usr/lib/libpcap.A.dylib
0x0000000006fde000 	/usr/lib/libboringssl.dylib
0x0000000006fde000 	/usr/lib/libusrtcp.dylib
0x0000000006fde000 	/usr/lib/libapple_crypto.dylib
0x0000000006fde000 	/System/Library/Frameworks/CoreServices.framework/Versions/A/Frameworks/FSEvents.framework/Versions/A/FSEvents
0x0000000006fde000 	/System/Library/Frameworks/CoreServices.framework/Versions/A/Frameworks/CarbonCore.framework/Versions/A/CarbonCore
0x0000000006fde000 	/System/Library/Frameworks/CoreServices.framework/Versions/A/Frameworks/Metadata.framework/Versions/A/Metadata
0x0000000006fde000 	/System/Library/Frameworks/CoreServices.framework/Versions/A/Frameworks/OSServices.framework/Versions/A/OSServices
0x0000000006fde000 	/System/Library/Frameworks/CoreServices.framework/Versions/A/Frameworks/SearchKit.framework/Versions/A/SearchKit
0x0000000006fde000 	/System/Library/Frameworks/CoreServices.framework/Versions/A/Frameworks/AE.framework/Versions/A/AE
0x0000000006fde000 	/System/Library/Frameworks/CoreServices.framework/Versions/A/Frameworks/LaunchServices.framework/Versions/A/LaunchServices
0x0000000006fde000 	/System/Library/Frameworks/CoreServices.framework/Versions/A/Frameworks/DictionaryServices.framework/Versions/A/DictionaryServices
0x0000000006fde000 	/System/Library/Frameworks/CoreServices.framework/Versions/A/Frameworks/SharedFileList.framework/Versions/A/SharedFileList
0x0000000006fde000 	/System/Library/Frameworks/NetFS.framework/Versions/A/NetFS
0x0000000006fde000 	/System/Library/PrivateFrameworks/NetAuth.framework/Versions/A/NetAuth
0x0000000006fde000 	/System/Library/PrivateFrameworks/login.framework/Versions/A/Frameworks/loginsupport.framework/Versions/A/loginsupport
0x0000000006fde000 	/System/Library/PrivateFrameworks/TCC.framework/Versions/A/TCC
0x0000000006fde000 	/usr/lib/libmecabra.dylib
0x0000000006fde000 	/System/Library/Frameworks/ApplicationServices.framework/Versions/A/Frameworks/ATS.framework/Versions/A/ATS
0x0000000006fde000 	/System/Library/Frameworks/ApplicationServices.framework/Versions/A/Frameworks/ColorSyncLegacy.framework/Versions/A/ColorSyncLegacy
0x0000000006fde000 	/System/Library/Frameworks/ApplicationServices.framework/Versions/A/Frameworks/HIServices.framework/Versions/A/HIServices
0x0000000006fde000 	/System/Library/Frameworks/ApplicationServices.framework/Versions/A/Frameworks/LangAnalysis.framework/Versions/A/LangAnalysis
0x0000000006fde000 	/System/Library/Frameworks/ApplicationServices.framework/Versions/A/Frameworks/PrintCore.framework/Versions/A/PrintCore
0x0000000006fde000 	/System/Library/Frameworks/ApplicationServices.framework/Versions/A/Frameworks/QD.framework/Versions/A/QD
0x0000000006fde000 	/System/Library/Frameworks/ApplicationServices.framework/Versions/A/Frameworks/SpeechSynthesis.framework/Versions/A/SpeechSynthesis
0x0000000006fde000 	/System/Library/Frameworks/CoreDisplay.framework/Versions/A/CoreDisplay
0x0000000006fde000 	/System/Library/Frameworks/Accelerate.framework/Versions/A/Frameworks/vImage.framework/Versions/A/vImage
0x0000000006fde000 	/System/Library/Frameworks/Accelerate.framework/Versions/A/Frameworks/vecLib.framework/Versions/A/vecLib
0x0000000006fde000 	/System/Library/Frameworks/Accelerate.framework/Versions/A/Frameworks/vecLib.framework/Versions/A/libvDSP.dylib
0x0000000006fde000 	/System/Library/Frameworks/Accelerate.framework/Versions/A/Frameworks/vecLib.framework/Versions/A/libBNNS.dylib
0x0000000006fde000 	/System/Library/Frameworks/Accelerate.framework/Versions/A/Frameworks/vecLib.framework/Versions/A/libQuadrature.dylib
0x0000000006fde000 	/System/Library/Frameworks/Accelerate.framework/Versions/A/Frameworks/vecLib.framework/Versions/A/libvMisc.dylib
0x0000000006fde000 	/System/Library/Frameworks/Accelerate.framework/Versions/A/Frameworks/vecLib.framework/Versions/A/libLAPACK.dylib
0x0000000006fde000 	/System/Library/Frameworks/Accelerate.framework/Versions/A/Frameworks/vecLib.framework/Versions/A/libBLAS.dylib
0x0000000006fde000 	/System/Library/Frameworks/Accelerate.framework/Versions/A/Frameworks/vecLib.framework/Versions/A/libLinearAlgebra.dylib
0x0000000006fde000 	/System/Library/Frameworks/Accelerate.framework/Versions/A/Frameworks/vecLib.framework/Versions/A/libSparse.dylib
0x0000000006fde000 	/System/Library/Frameworks/Accelerate.framework/Versions/A/Frameworks/vecLib.framework/Versions/A/libSparseBLAS.dylib
0x0000000006fde000 	/System/Library/PrivateFrameworks/IOAccelerator.framework/Versions/A/IOAccelerator
0x0000000006fde000 	/System/Library/PrivateFrameworks/IOPresentment.framework/Versions/A/IOPresentment
0x0000000006fde000 	/System/Library/PrivateFrameworks/DSExternalDisplay.framework/Versions/A/DSExternalDisplay
0x0000000006fde000 	/System/Library/Frameworks/OpenGL.framework/Versions/A/Libraries/libCoreFSCache.dylib
0x0000000006fde000 	/System/Library/Frameworks/CoreVideo.framework/Versions/A/CoreVideo
0x0000000006fde000 	/System/Library/PrivateFrameworks/GraphVisualizer.framework/Versions/A/GraphVisualizer
0x0000000006fde000 	/System/Library/Frameworks/MetalPerformanceShaders.framework/Versions/A/MetalPerformanceShaders
0x0000000006fde000 	/usr/lib/libFosl_dynamic.dylib
0x0000000006fde000 	/System/Library/PrivateFrameworks/FaceCore.framework/Versions/A/FaceCore
0x0000000006fde000 	/System/Library/Frameworks/OpenCL.framework/Versions/A/OpenCL
0x0000000006fde000 	/usr/lib/libcompression.dylib
0x0000000006fde000 	/System/Library/Frameworks/ApplicationServices.framework/Versions/A/Frameworks/ATS.framework/Versions/A/Resources/libFontParser.dylib
0x0000000006fde000 	/System/Library/Frameworks/ApplicationServices.framework/Versions/A/Frameworks/ATS.framework/Versions/A/Resources/libFontRegistry.dylib
0x0000000006fde000 	/System/Library/Frameworks/ImageIO.framework/Versions/A/Resources/libJPEG.dylib
0x0000000006fde000 	/System/Library/Frameworks/ImageIO.framework/Versions/A/Resources/libTIFF.dylib
0x0000000006fde000 	/System/Library/Frameworks/ImageIO.framework/Versions/A/Resources/libPng.dylib
0x0000000006fde000 	/System/Library/Frameworks/ImageIO.framework/Versions/A/Resources/libGIF.dylib
0x0000000006fde000 	/System/Library/Frameworks/ImageIO.framework/Versions/A/Resources/libJP2.dylib
0x0000000006fde000 	/System/Library/Frameworks/ImageIO.framework/Versions/A/Resources/libRadiance.dylib
0x0000000006fde000 	/System/Library/PrivateFrameworks/AppleJPEG.framework/Versions/A/AppleJPEG
0x0000000006fde000 	/System/Library/PrivateFrameworks/MetalTools.framework/Versions/A/MetalTools
0x0000000006fde000 	/System/Library/Frameworks/MetalPerformanceShaders.framework/Frameworks/MPSCore.framework/Versions/A/MPSCore
0x0000000006fde000 	/System/Library/Frameworks/MetalPerformanceShaders.framework/Frameworks/MPSImage.framework/Versions/A/MPSImage
0x0000000006fde000 	/System/Library/Frameworks/MetalPerformanceShaders.framework/Frameworks/MPSMatrix.framework/Versions/A/MPSMatrix
0x0000000006fde000 	/System/Library/Frameworks/MetalPerformanceShaders.framework/Frameworks/MPSNeuralNetwork.framework/Versions/A/MPSNeuralNetwork
0x0000000006fde000 	/System/Library/Frameworks/OpenGL.framework/Versions/A/Libraries/libGLU.dylib
0x0000000006fde000 	/System/Library/Frameworks/OpenGL.framework/Versions/A/Libraries/libGFXShared.dylib
0x0000000006fde000 	/System/Library/Frameworks/OpenGL.framework/Versions/A/Libraries/libGL.dylib
0x0000000006fde000 	/System/Library/Frameworks/OpenGL.framework/Versions/A/Libraries/libGLImage.dylib
0x0000000006fde000 	/System/Library/Frameworks/OpenGL.framework/Versions/A/Libraries/libCVMSPluginSupport.dylib
0x0000000006fde000 	/System/Library/Frameworks/OpenGL.framework/Versions/A/Libraries/libCoreVMClient.dylib
0x0000000006fde000 	/usr/lib/libcups.2.dylib
0x0000000006fde000 	/System/Library/Frameworks/Kerberos.framework/Versions/A/Kerberos
0x0000000006fde000 	/System/Library/Frameworks/GSS.framework/Versions/A/GSS
0x0000000006fde000 	/usr/lib/libresolv.9.dylib
0x0000000006fde000 	/usr/lib/libiconv.2.dylib
0x0000000006fde000 	/System/Library/PrivateFrameworks/Heimdal.framework/Versions/A/Heimdal
0x0000000006fde000 	/usr/lib/libheimdal-asn1.dylib
0x0000000006fde000 	/System/Library/Frameworks/OpenDirectory.framework/Versions/A/OpenDirectory
0x0000000006fde000 	/System/Library/PrivateFrameworks/CommonAuth.framework/Versions/A/CommonAuth
0x0000000006fde000 	/System/Library/Frameworks/OpenDirectory.framework/Versions/A/Frameworks/CFOpenDirectory.framework/Versions/A/CFOpenDirectory
0x0000000006fde000 	/System/Library/Frameworks/SecurityFoundation.framework/Versions/A/SecurityFoundation
0x0000000006fde000 	/System/Library/PrivateFrameworks/APFS.framework/Versions/A/APFS
0x0000000006fde000 	/usr/lib/libutil.dylib
0x0000000006fde000 	/System/Library/PrivateFrameworks/AppleSauce.framework/Versions/A/AppleSauce
0x0000000006fde000 	/System/Library/PrivateFrameworks/LinguisticData.framework/Versions/A/LinguisticData
0x0000000006fde000 	/usr/lib/libmarisa.dylib
0x0000000006fde000 	/System/Library/PrivateFrameworks/Lexicon.framework/Versions/A/Lexicon
0x0000000006fde000 	/usr/lib/libChineseTokenizer.dylib
0x0000000006fde000 	/usr/lib/libcmph.dylib
0x0000000006fde000 	/System/Library/PrivateFrameworks/LanguageModeling.framework/Versions/A/LanguageModeling
0x0000000006fde000 	/System/Library/PrivateFrameworks/CoreEmoji.framework/Versions/A/CoreEmoji
0x0000000006fde000 	/System/Library/Frameworks/ServiceManagement.framework/Versions/A/ServiceManagement
0x0000000006fde000 	/System/Library/PrivateFrameworks/BackgroundTaskManagement.framework/Versions/A/BackgroundTaskManagement
0x0000000006fde000 	/usr/lib/libxslt.1.dylib
0x0000000006fde000 	/System/Library/Frameworks/Carbon.framework/Versions/A/Frameworks/Ink.framework/Versions/A/Ink
0x0000000006fde000 	/System/Library/PrivateFrameworks/TextureIO.framework/Versions/A/TextureIO
0x0000000006fde000 	/usr/lib/libate.dylib
0x0000000006fde000 	/System/Library/PrivateFrameworks/CrashReporterSupport.framework/Versions/A/CrashReporterSupport
0x0000000006fde000 	/System/Library/PrivateFrameworks/Sharing.framework/Versions/A/Sharing
0x0000000006fde000 	/System/Library/PrivateFrameworks/IconServices.framework/Versions/A/IconServices
0x0000000006fde000 	/System/Library/PrivateFrameworks/ProtocolBuffer.framework/Versions/A/ProtocolBuffer
0x0000000006fde000 	/System/Library/PrivateFrameworks/Apple80211.framework/Versions/A/Apple80211
0x0000000006fde000 	/System/Library/Frameworks/CoreWLAN.framework/Versions/A/CoreWLAN
0x0000000006fde000 	/System/Library/PrivateFrameworks/CoreUtils.framework/Versions/A/CoreUtils
0x0000000006fde000 	/System/Library/Frameworks/IOBluetooth.framework/Versions/A/IOBluetooth
0x0000000006fde000 	/System/Library/PrivateFrameworks/CoreWiFi.framework/Versions/A/CoreWiFi
0x0000000006fde000 	/System/Library/Frameworks/CoreBluetooth.framework/Versions/A/CoreBluetooth
0x0000000006fde000 	/System/Library/PrivateFrameworks/SignpostNotification.framework/Versions/A/SignpostNotification
0x0000000006fde000 	/System/Library/PrivateFrameworks/DebugSymbols.framework/Versions/A/DebugSymbols
0x0000000006fde000 	/System/Library/PrivateFrameworks/CoreSymbolication.framework/Versions/A/CoreSymbolication
0x0000000006fde000 	/System/Library/PrivateFrameworks/Symbolication.framework/Versions/A/Symbolication
0x0000000006fde000 	/System/Library/PrivateFrameworks/AppleFSCompression.framework/Versions/A/AppleFSCompression
0x0000000006fde000 	/System/Library/PrivateFrameworks/SpeechRecognitionCore.framework/Versions/A/SpeechRecognitionCore
0x0000000006fde000 	/System/Library/CoreServices/Encodings/libSimplifiedChineseConverter.dylib
0x000000010f800000 	/Library/Java/JavaVirtualMachines/jdk1.8.0_144.jdk/Contents/Home/jre/lib/server/libjvm.dylib
0x0000000006fde000 	/usr/lib/libstdc++.6.0.9.dylib
0x000000010e17e000 	/Library/Java/JavaVirtualMachines/jdk1.8.0_144.jdk/Contents/Home/jre/lib/libverify.dylib
0x000000010e18c000 	/Library/Java/JavaVirtualMachines/jdk1.8.0_144.jdk/Contents/Home/jre/lib/libjava.dylib
0x000000010e1c2000 	/Library/Java/JavaVirtualMachines/jdk1.8.0_144.jdk/Contents/Home/jre/lib/libjdwp.dylib
0x000000010e20d000 	/Library/Java/JavaVirtualMachines/jdk1.8.0_144.jdk/Contents/Home/jre/lib/libnpt.dylib
0x000000010e25a000 	/Library/Java/JavaVirtualMachines/jdk1.8.0_144.jdk/Contents/Home/jre/lib/libzip.dylib
0x0000000006fde000 	/System/Library/Frameworks/JavaVM.framework/Versions/A/Frameworks/JavaRuntimeSupport.framework/Versions/A/JavaRuntimeSupport
0x0000000006fde000 	/System/Library/Frameworks/JavaVM.framework/Versions/A/Frameworks/JavaNativeFoundation.framework/Versions/A/JavaNativeFoundation
0x0000000006fde000 	/System/Library/Frameworks/JavaVM.framework/Versions/A/JavaVM
0x0000000006fde000 	/System/Library/Frameworks/Carbon.framework/Versions/A/Carbon
0x0000000006fde000 	/System/Library/PrivateFrameworks/JavaLaunching.framework/Versions/A/JavaLaunching
0x0000000006fde000 	/System/Library/Frameworks/Carbon.framework/Versions/A/Frameworks/CommonPanels.framework/Versions/A/CommonPanels
0x0000000006fde000 	/System/Library/Frameworks/Carbon.framework/Versions/A/Frameworks/Help.framework/Versions/A/Help
0x0000000006fde000 	/System/Library/Frameworks/Carbon.framework/Versions/A/Frameworks/ImageCapture.framework/Versions/A/ImageCapture
0x0000000006fde000 	/System/Library/Frameworks/Carbon.framework/Versions/A/Frameworks/OpenScripting.framework/Versions/A/OpenScripting
0x0000000006fde000 	/System/Library/Frameworks/Carbon.framework/Versions/A/Frameworks/Print.framework/Versions/A/Print
0x0000000006fde000 	/System/Library/Frameworks/Carbon.framework/Versions/A/Frameworks/SecurityHI.framework/Versions/A/SecurityHI
0x000000010e7f2000 	/Library/Java/JavaVirtualMachines/jdk1.8.0_144.jdk/Contents/Home/jre/lib/libdt_socket.dylib
0x000000012cd3f000 	/Library/Java/JavaVirtualMachines/jdk1.8.0_144.jdk/Contents/Home/jre/lib/libmanagement.dylib
0x000000012cd4d000 	/Library/Java/JavaVirtualMachines/jdk1.8.0_144.jdk/Contents/Home/jre/lib/libnet.dylib
0x000000012cdac000 	/Library/Java/JavaVirtualMachines/jdk1.8.0_144.jdk/Contents/Home/jre/lib/libnio.dylib
0x000000012e185000 	/Library/Java/JavaVirtualMachines/jdk1.8.0_144.jdk/Contents/Home/jre/lib/libsunec.dylib
0x000000012e7b3000 	/Library/Java/JavaVirtualMachines/jdk1.8.0_144.jdk/Contents/Home/jre/lib/libawt.dylib
0x000000012e85b000 	/Library/Java/JavaVirtualMachines/jdk1.8.0_144.jdk/Contents/Home/jre/lib/./libmlib_image.dylib
0x000000012e927000 	/Library/Java/JavaVirtualMachines/jdk1.8.0_144.jdk/Contents/Home/jre/lib/libawt_lwawt.dylib
0x000000012e9de000 	/Library/Java/JavaVirtualMachines/jdk1.8.0_144.jdk/Contents/Home/jre/lib/./libosxapp.dylib
0x0000000006fde000 	/System/Library/Frameworks/ExceptionHandling.framework/Versions/A/ExceptionHandling
0x000000012e9fa000 	/Library/Java/JavaVirtualMachines/jdk1.8.0_144.jdk/Contents/Home/jre/lib/libjpeg.dylib
0x000000012ec28000 	/private/var/folders/rd/sgmzgm117_71fz9tb2kgk5fh0000gp/T/jna--351033732/jna4010428883727082540.tmp
0x000000012ec3e000 	/usr/local/lib/libtesseract.dylib
0x000000012f147000 	/usr/local/opt/leptonica/lib/liblept.5.dylib
0x000000012f33a000 	/usr/local/opt/libpng/lib/libpng16.16.dylib
0x000000012f366000 	/usr/local/opt/jpeg/lib/libjpeg.9.dylib
0x000000012f399000 	/usr/local/opt/libtiff/lib/libtiff.5.dylib

VM Arguments:
jvm_args: -agentlib:jdwp=transport=dt_socket,address=127.0.0.1:51147,suspend=y,server=n -XX:TieredStopAtLevel=1 -Xverify:none -Dspring.output.ansi.enabled=always -Dcom.sun.management.jmxremote -Dcom.sun.management.jmxremote.port=51146 -Dcom.sun.management.jmxremote.authenticate=false -Dcom.sun.management.jmxremote.ssl=false -Dspring.liveBeansView.mbeanDomain -Dspring.application.admin.enabled=true -Dfile.encoding=GB2312 
java_command: com.login.demo.demo.DemoApplication
java_class_path (initial): /Library/Java/JavaVirtualMachines/jdk1.8.0_144.jdk/Contents/Home/jre/lib/charsets.jar:/Library/Java/JavaVirtualMachines/jdk1.8.0_144.jdk/Contents/Home/jre/lib/deploy.jar:/Library/Java/JavaVirtualMachines/jdk1.8.0_144.jdk/Contents/Home/jre/lib/ext/cldrdata.jar:/Library/Java/JavaVirtualMachines/jdk1.8.0_144.jdk/Contents/Home/jre/lib/ext/dnsns.jar:/Library/Java/JavaVirtualMachines/jdk1.8.0_144.jdk/Contents/Home/jre/lib/ext/jaccess.jar:/Library/Java/JavaVirtualMachines/jdk1.8.0_144.jdk/Contents/Home/jre/lib/ext/jfxrt.jar:/Library/Java/JavaVirtualMachines/jdk1.8.0_144.jdk/Contents/Home/jre/lib/ext/localedata.jar:/Library/Java/JavaVirtualMachines/jdk1.8.0_144.jdk/Contents/Home/jre/lib/ext/nashorn.jar:/Library/Java/JavaVirtualMachines/jdk1.8.0_144.jdk/Contents/Home/jre/lib/ext/sunec.jar:/Library/Java/JavaVirtualMachines/jdk1.8.0_144.jdk/Contents/Home/jre/lib/ext/sunjce_provider.jar:/Library/Java/JavaVirtualMachines/jdk1.8.0_144.jdk/Contents/Home/jre/lib/ext/sunpkcs11.jar:/Library/Java/JavaVirtualMachines/jdk1.8.0_144.jdk/Contents/Home/jre/lib/ext/zipfs.jar:/Library/Java/JavaVirtualMachines/jdk1.8.0_144.jdk/Contents/Home/jre/lib/javaws.jar:/Library/Java/JavaVirtualMachines/jdk1.8.0_144.jdk/Contents/Home/jre/lib/jce.jar:/Library/Java/JavaVirtualMachines/jdk1.8.0_144.jdk/Contents/Home/jre/lib/jfr.jar:/Library/Java/JavaVirtualMachines/jdk1.8.0_144.jdk/Contents/Home/jre/lib/jfxswt.jar:/Library/Java/JavaVirtualMachines/jdk1.8.0_144.jdk/Contents/Home/jre/lib/jsse.jar:/Library/Java/JavaVirtualMachines/jdk1.8.0_144.jdk/Contents/Home/jre/lib/management-agent.jar:/Library/Java/JavaVirtualMachines/jdk1.8.0_144.jdk/Contents/Home/jre/lib/plugin.jar:/Library/Java/JavaVirtualMachines/jdk1.8.0_144.jdk/Contents/Home/jre/lib/resources.jar:/Library/Java/JavaVirtualMachines/jdk1.8.0_144.jdk/Contents/Home/jre/lib/rt.jar:/Library/Java/JavaVirtualMachines/jdk1.8.0_144.jdk/Contents/Home/lib/ant-javafx.jar:/Library/Java/JavaVirtualMachines/jdk1.8.0_144.jdk/Contents/Home
Launcher Type: SUN_STANDARD

Environment Variables:
PATH=/Library/Frameworks/Python.framework/Versions/2.7/bin:/usr/local/bin:/usr/bin:/bin:/usr/sbin:/sbin:/usr/local/go/bin:/usr/local/share/dotnet:/Library/Frameworks/Mono.framework/Versions/Current/Commands
SHELL=/bin/zsh

Signal Handlers:
SIGSEGV: [libjvm.dylib+0x5b26e5], sa_mask[0]=11111111011111110111111111111111, sa_flags=SA_ONSTACK|SA_RESTART|SA_SIGINFO
SIGBUS: [libjvm.dylib+0x5b26e5], sa_mask[0]=11111111011111110111111111111111, sa_flags=SA_RESTART|SA_SIGINFO
SIGFPE: [libjvm.dylib+0x489100], sa_mask[0]=11111111011111110111111111111111, sa_flags=SA_RESTART|SA_SIGINFO
SIGPIPE: [libjvm.dylib+0x489100], sa_mask[0]=11111111011111110111111111111111, sa_flags=SA_RESTART|SA_SIGINFO
SIGXFSZ: [libjvm.dylib+0x489100], sa_mask[0]=11111111011111110111111111111111, sa_flags=SA_RESTART|SA_SIGINFO
SIGILL: [libjvm.dylib+0x489100], sa_mask[0]=11111111011111110111111111111111, sa_flags=SA_RESTART|SA_SIGINFO
SIGUSR1: SIG_DFL, sa_mask[0]=00000000000000000000000000000000, sa_flags=none
SIGUSR2: [libjvm.dylib+0x488c1e], sa_mask[0]=00100000000000000000000000000000, sa_flags=SA_RESTART|SA_SIGINFO
SIGHUP: [libjvm.dylib+0x4871f5], sa_mask[0]=11111111011111110111111111111111, sa_flags=SA_RESTART|SA_SIGINFO
SIGINT: [libjvm.dylib+0x4871f5], sa_mask[0]=11111111011111110111111111111111, sa_flags=SA_RESTART|SA_SIGINFO
SIGTERM: [libjvm.dylib+0x4871f5], sa_mask[0]=11111111011111110111111111111111, sa_flags=SA_RESTART|SA_SIGINFO
SIGQUIT: [libjvm.dylib+0x4871f5], sa_mask[0]=11111111011111110111111111111111, sa_flags=SA_RESTART|SA_SIGINFO


---------------  S Y S T E M  ---------------

OS:Bsduname:Darwin 17.4.0 Darwin Kernel Version 17.4.0: Sun Dec 17 09:19:54 PST 2017; root:xnu-4570.41.2~1/RELEASE_X86_64 x86_64
rlimit: STACK 8192k, CORE 0k, NPROC 1418, NOFILE 10240, AS infinity
load average:2.87 2.44 2.54

CPU:total 8 (initial active 8) (4 cores per cpu, 2 threads per core) family 6 model 94 stepping 3, cmov, cx8, fxsr, mmx, sse, sse2, sse3, ssse3, sse4.1, sse4.2, popcnt, avx, avx2, aes, clmul, erms, rtm, 3dnowpref, lzcnt, ht, tsc, tscinvbit, bmi1, bmi2, adx

Memory: 4k page, physical 16777216k(26436k free)

/proc/meminfo:


vm_info: Java HotSpot(TM) 64-Bit Server VM (25.144-b01) for bsd-amd64 JRE (1.8.0_144-b01), built on Jul 21 2017 22:07:42 by "java_re" with gcc 4.2.1 (Based on Apple Inc. build 5658) (LLVM build 2336.11.00)

time: Thu Feb  8 20:34:13 2018
elapsed time: 21 seconds (0d 0h 0m 21s)

