#
# A fatal error has been detected by the Java Runtime Environment:
#
#  SIGSEGV (0xb) at pc=0x0000000127a686a7, pid=19351, tid=0x0000000000007003
#
# JRE version: Java(TM) SE Runtime Environment (8.0_144-b01) (build 1.8.0_144-b01)
# Java VM: Java HotSpot(TM) 64-Bit Server VM (25.144-b01 mixed mode bsd-amd64 compressed oops)
# Problematic frame:
# C  [libtesseract.dylib+0x126a7]  tesseract::Tesseract::recog_all_words(PAGE_RES*, ETEXT_DESC*, TBOX const*, char const*, int)+0xad
#
# Failed to write core dump. Core dumps have been disabled. To enable core dumping, try "ulimit -c unlimited" before starting Java again
#
# If you would like to submit a bug report, please visit:
#   http://bugreport.java.com/bugreport/crash.jsp
# The crash happened outside the Java Virtual Machine in native code.
# See problematic frame for where to report the bug.
#

---------------  T H R E A D  ---------------

Current thread (0x00007fec6c30b000):  JavaThread "http-nio-8080-exec-1" daemon [_thread_in_native, id=28675, stack(0x00007000128c8000,0x00007000129c8000)]

siginfo: si_signo: 11 (SIGSEGV), si_code: 1 (SEGV_MAPERR), si_addr: 0x000000000000000c

Registers:
RAX=0x0000000000000000, RBX=0x0000000000000000, RCX=0x0000000000000000, RDX=0x00007fec69a3d350
RSP=0x00007000129c4060, RBP=0x00007000129c41f0, RSI=0x0000000000000001, RDI=0x00007000129c4118
R8 =0x0000000000000000, R9 =0x0000000000000000, R10=0x00000000fffffff8, R11=0x00007fec69a00000
R12=0x0000000000000000, R13=0x0000000000000000, R14=0x00007fec69a3d2c0, R15=0x00007fec6a164a00
RIP=0x0000000127a686a7, EFLAGS=0x0000000000010246, ERR=0x0000000000000004
  TRAPNO=0x000000000000000e

Top of Stack: (sp=0x00007000129c4060)
0x00007000129c4060:   00007fec69a3d3a0 0000000000000000
0x00007000129c4070:   0000000000000000 0000000000000000
0x00007000129c4080:   0000000000000000 00007fec69a3d680
0x00007000129c4090:   00007000129c40b0 800180017fff7fff
0x00007000129c40a0:   0000000000000000 00007fec69a3d380
0x00007000129c40b0:   00007fec69a3d2c0 0000000000000000
0x00007000129c40c0:   0000000000000000 0000000000000000
0x00007000129c40d0:   00007fec69a3d680 00007fec69a3d380
0x00007000129c40e0:   00007fec69a3d350 0000000000000000
0x00007000129c40f0:   0000000000000000 0000000000000000
0x00007000129c4100:   00007fec69a3d2c8 00007fec69a3d350
0x00007000129c4110:   00007fec69a3d350 00007fec69a3d350
0x00007000129c4120:   00007fec69a30000 00007fec69a3d350
0x00007000129c4130:   00007fec69a3d301 00007fec69a3d378
0x00007000129c4140:   00007fec69a3d380 00007fec69a3d380
0x00007000129c4150:   00007fec69a3d380 0000000127b60000
0x00007000129c4160:   00007fec69a3d380 00007fec69a3d201
0x00007000129c4170:   00007fec69a3d3a0 00007fec69a3d680
0x00007000129c4180:   00007fec69a3d680 00007fec69a3d680
0x00007000129c4190:   00007fec6a160000 00007fec69a3d680
0x00007000129c41a0:   00007fec69a3d201 00007fec6a164a00
0x00007000129c41b0:   00007000129c4237 0000000127bf623c
0x00007000129c41c0:   00007000129c41f0 00007000129c4201
0x00007000129c41d0:   00007fec69a3d2c0 00007fec6a164a00
0x00007000129c41e0:   00000000ffffffff 00007fec67e3d770
0x00007000129c41f0:   00007000129c4260 0000000127a59ae2
0x00007000129c4200:   00007fec67e3d770 0000000127a60be3
0x00007000129c4210:   00007000129c4140 0000000000000000
0x00007000129c4220:   0000001600000000 00000006c014a208
0x00007000129c4230:   01007000129c42d0 00007fec67e3d770
0x00007000129c4240:   0000000000000001 0000000000000001
0x00007000129c4250:   0000000000000000 f7e8fcebb033003e 

Instructions: (pc=0x0000000127a686a7)
0x0000000127a68687:   e8 0a 94 10 00 41 83 bf c0 16 00 00 00 7e 0a 4c
0x0000000127a68697:   89 ff e8 9a ed 0b 00 eb 15 49 8b 87 10 0b 00 00
0x0000000127a686a7:   80 78 0c 00 74 08 4c 89 ff e8 f7 ed 0b 00 41 83
0x0000000127a686b7:   bf 40 4c 00 00 00 7e 3f 31 db 49 8b 87 48 4c 00 

Register to memory mapping:

RAX=0x0000000000000000 is an unknown value
RBX=0x0000000000000000 is an unknown value
RCX=0x0000000000000000 is an unknown value
RDX=0x00007fec69a3d350 is an unknown value
RSP=0x00007000129c4060 is pointing into the stack for thread: 0x00007fec6c30b000
RBP=0x00007000129c41f0 is pointing into the stack for thread: 0x00007fec6c30b000
RSI=0x0000000000000001 is an unknown value
RDI=0x00007000129c4118 is pointing into the stack for thread: 0x00007fec6c30b000
R8 =0x0000000000000000 is an unknown value
R9 =0x0000000000000000 is an unknown value
R10=0x00000000fffffff8 is an unknown value
R11=0x00007fec69a00000 is an unknown value
R12=0x0000000000000000 is an unknown value
R13=0x0000000000000000 is an unknown value
R14=0x00007fec69a3d2c0 is an unknown value
R15=0x00007fec6a164a00 is an unknown value


Stack: [0x00007000128c8000,0x00007000129c8000],  sp=0x00007000129c4060,  free space=1008k
Native frames: (J=compiled Java code, j=interpreted, Vv=VM code, C=native code)
C  [libtesseract.dylib+0x126a7]  tesseract::Tesseract::recog_all_words(PAGE_RES*, ETEXT_DESC*, TBOX const*, char const*, int)+0xad
C  [libtesseract.dylib+0x3ae2]  tesseract::TessBaseAPI::Recognize(ETEXT_DESC*)+0x2fc
C  [libtesseract.dylib+0x2714]  tesseract::TessBaseAPI::GetUTF8Text()+0x30
C  [jna4527204066926427944.tmp+0xe134]  ffi_call_unix64+0x4c
C  0x00007000129c4cb8

Java frames: (J=compiled Java code, j=interpreted, Vv=VM code)
j  com.sun.jna.Native.invokePointer(JI[Ljava/lang/Object;)J+0
j  com.sun.jna.Function.invokePointer(I[Ljava/lang/Object;)Lcom/sun/jna/Pointer;+6
j  com.sun.jna.Function.invoke([Ljava/lang/Object;Ljava/lang/Class;Z)Ljava/lang/Object;+414
j  com.sun.jna.Function.invoke(Ljava/lang/reflect/Method;[Ljava/lang/Class;Ljava/lang/Class;[Ljava/lang/Object;Ljava/util/Map;)Ljava/lang/Object;+249
j  com.sun.jna.Library$Handler.invoke(Ljava/lang/Object;Ljava/lang/reflect/Method;[Ljava/lang/Object;)Ljava/lang/Object;+348
j  com.sun.proxy.$Proxy60.TessBaseAPIGetUTF8Text(Lnet/sourceforge/tess4j/ITessAPI$TessBaseAPI;)Lcom/sun/jna/Pointer;+16
j  net.sourceforge.tess4j.Tesseract.getOCRText(Ljava/lang/String;I)Ljava/lang/String;+62
j  net.sourceforge.tess4j.Tesseract.doOCR(Ljava/util/List;Ljava/lang/String;Ljava/awt/Rectangle;)Ljava/lang/String;+69
j  net.sourceforge.tess4j.Tesseract.doOCR(Ljava/util/List;Ljava/awt/Rectangle;)Ljava/lang/String;+4
j  net.sourceforge.tess4j.Tesseract.doOCR(Ljava/awt/image/BufferedImage;Ljava/awt/Rectangle;)Ljava/lang/String;+6
j  net.sourceforge.tess4j.Tesseract.doOCR(Ljava/awt/image/BufferedImage;)Ljava/lang/String;+3
j  com.login.demo.demo.controller.TestController.login()Ljava/lang/String;+283
v  ~StubRoutines::call_stub
J 1417  sun.reflect.NativeMethodAccessorImpl.invoke0(Ljava/lang/reflect/Method;Ljava/lang/Object;[Ljava/lang/Object;)Ljava/lang/Object; (0 bytes) @ 0x000000010edf84f7 [0x000000010edf8480+0x77]
J 1416 C1 sun.reflect.NativeMethodAccessorImpl.invoke(Ljava/lang/Object;[Ljava/lang/Object;)Ljava/lang/Object; (104 bytes) @ 0x000000010edf8c8c [0x000000010edf88a0+0x3ec]
J 1103 C1 sun.reflect.DelegatingMethodAccessorImpl.invoke(Ljava/lang/Object;[Ljava/lang/Object;)Ljava/lang/Object; (10 bytes) @ 0x000000010ed31264 [0x000000010ed31200+0x64]
J 1102 C1 java.lang.reflect.Method.invoke(Ljava/lang/Object;[Ljava/lang/Object;)Ljava/lang/Object; (62 bytes) @ 0x000000010ed30e1c [0x000000010ed30ce0+0x13c]
j  org.springframework.web.method.support.InvocableHandlerMethod.doInvoke([Ljava/lang/Object;)Ljava/lang/Object;+16
j  org.springframework.web.method.support.InvocableHandlerMethod.invokeForRequest(Lorg/springframework/web/context/request/NativeWebRequest;Lorg/springframework/web/method/support/ModelAndViewContainer;[Ljava/lang/Object;)Ljava/lang/Object;+75
j  org.springframework.web.servlet.mvc.method.annotation.ServletInvocableHandlerMethod.invokeAndHandle(Lorg/springframework/web/context/request/ServletWebRequest;Lorg/springframework/web/method/support/ModelAndViewContainer;[Ljava/lang/Object;)V+4
j  org.springframework.web.servlet.mvc.method.annotation.RequestMappingHandlerAdapter.invokeHandlerMethod(Ljavax/servlet/http/HttpServletRequest;Ljavax/servlet/http/HttpServletResponse;Lorg/springframework/web/method/HandlerMethod;)Lorg/springframework/web/servlet/ModelAndView;+262
j  org.springframework.web.servlet.mvc.method.annotation.RequestMappingHandlerAdapter.handleInternal(Ljavax/servlet/http/HttpServletRequest;Ljavax/servlet/http/HttpServletResponse;Lorg/springframework/web/method/HandlerMethod;)Lorg/springframework/web/servlet/ModelAndView;+81
j  org.springframework.web.servlet.mvc.method.AbstractHandlerMethodAdapter.handle(Ljavax/servlet/http/HttpServletRequest;Ljavax/servlet/http/HttpServletResponse;Ljava/lang/Object;)Lorg/springframework/web/servlet/ModelAndView;+7
j  org.springframework.web.servlet.DispatcherServlet.doDispatch(Ljavax/servlet/http/HttpServletRequest;Ljavax/servlet/http/HttpServletResponse;)V+318
j  org.springframework.web.servlet.DispatcherServlet.doService(Ljavax/servlet/http/HttpServletRequest;Ljavax/servlet/http/HttpServletResponse;)V+301
j  org.springframework.web.servlet.FrameworkServlet.processRequest(Ljavax/servlet/http/HttpServletRequest;Ljavax/servlet/http/HttpServletResponse;)V+71
j  org.springframework.web.servlet.FrameworkServlet.doGet(Ljavax/servlet/http/HttpServletRequest;Ljavax/servlet/http/HttpServletResponse;)V+3
j  javax.servlet.http.HttpServlet.service(Ljavax/servlet/http/HttpServletRequest;Ljavax/servlet/http/HttpServletResponse;)V+35
j  org.springframework.web.servlet.FrameworkServlet.service(Ljavax/servlet/http/HttpServletRequest;Ljavax/servlet/http/HttpServletResponse;)V+33
j  javax.servlet.http.HttpServlet.service(Ljavax/servlet/ServletRequest;Ljavax/servlet/ServletResponse;)V+30
j  org.apache.catalina.core.ApplicationFilterChain.internalDoFilter(Ljavax/servlet/ServletRequest;Ljavax/servlet/ServletResponse;)V+304
j  org.apache.catalina.core.ApplicationFilterChain.doFilter(Ljavax/servlet/ServletRequest;Ljavax/servlet/ServletResponse;)V+101
j  org.apache.tomcat.websocket.server.WsFilter.doFilter(Ljavax/servlet/ServletRequest;Ljavax/servlet/ServletResponse;Ljavax/servlet/FilterChain;)V+21
j  org.apache.catalina.core.ApplicationFilterChain.internalDoFilter(Ljavax/servlet/ServletRequest;Ljavax/servlet/ServletResponse;)V+135
j  org.apache.catalina.core.ApplicationFilterChain.doFilter(Ljavax/servlet/ServletRequest;Ljavax/servlet/ServletResponse;)V+101
j  org.springframework.web.filter.RequestContextFilter.doFilterInternal(Ljavax/servlet/http/HttpServletRequest;Ljavax/servlet/http/HttpServletResponse;Ljavax/servlet/FilterChain;)V+21
j  org.springframework.web.filter.OncePerRequestFilter.doFilter(Ljavax/servlet/ServletRequest;Ljavax/servlet/ServletResponse;Ljavax/servlet/FilterChain;)V+111
j  org.apache.catalina.core.ApplicationFilterChain.internalDoFilter(Ljavax/servlet/ServletRequest;Ljavax/servlet/ServletResponse;)V+135
j  org.apache.catalina.core.ApplicationFilterChain.doFilter(Ljavax/servlet/ServletRequest;Ljavax/servlet/ServletResponse;)V+101
j  org.springframework.web.filter.HttpPutFormContentFilter.doFilterInternal(Ljavax/servlet/http/HttpServletRequest;Ljavax/servlet/http/HttpServletResponse;Ljavax/servlet/FilterChain;)V+95
j  org.springframework.web.filter.OncePerRequestFilter.doFilter(Ljavax/servlet/ServletRequest;Ljavax/servlet/ServletResponse;Ljavax/servlet/FilterChain;)V+111
j  org.apache.catalina.core.ApplicationFilterChain.internalDoFilter(Ljavax/servlet/ServletRequest;Ljavax/servlet/ServletResponse;)V+135
j  org.apache.catalina.core.ApplicationFilterChain.doFilter(Ljavax/servlet/ServletRequest;Ljavax/servlet/ServletResponse;)V+101
j  org.springframework.web.filter.HiddenHttpMethodFilter.doFilterInternal(Ljavax/servlet/http/HttpServletRequest;Ljavax/servlet/http/HttpServletResponse;Ljavax/servlet/FilterChain;)V+64
j  org.springframework.web.filter.OncePerRequestFilter.doFilter(Ljavax/servlet/ServletRequest;Ljavax/servlet/ServletResponse;Ljavax/servlet/FilterChain;)V+111
j  org.apache.catalina.core.ApplicationFilterChain.internalDoFilter(Ljavax/servlet/ServletRequest;Ljavax/servlet/ServletResponse;)V+135
j  org.apache.catalina.core.ApplicationFilterChain.doFilter(Ljavax/servlet/ServletRequest;Ljavax/servlet/ServletResponse;)V+101
j  org.springframework.web.filter.CharacterEncodingFilter.doFilterInternal(Ljavax/servlet/http/HttpServletRequest;Ljavax/servlet/http/HttpServletResponse;Ljavax/servlet/FilterChain;)V+53
j  org.springframework.web.filter.OncePerRequestFilter.doFilter(Ljavax/servlet/ServletRequest;Ljavax/servlet/ServletResponse;Ljavax/servlet/FilterChain;)V+111
j  org.apache.catalina.core.ApplicationFilterChain.internalDoFilter(Ljavax/servlet/ServletRequest;Ljavax/servlet/ServletResponse;)V+135
j  org.apache.catalina.core.ApplicationFilterChain.doFilter(Ljavax/servlet/ServletRequest;Ljavax/servlet/ServletResponse;)V+101
j  org.apache.catalina.core.StandardWrapperValve.invoke(Lorg/apache/catalina/connector/Request;Lorg/apache/catalina/connector/Response;)V+688
j  org.apache.catalina.core.StandardContextValve.invoke(Lorg/apache/catalina/connector/Request;Lorg/apache/catalina/connector/Response;)V+166
j  org.apache.catalina.authenticator.AuthenticatorBase.invoke(Lorg/apache/catalina/connector/Request;Lorg/apache/catalina/connector/Response;)V+272
j  org.apache.catalina.core.StandardHostValve.invoke(Lorg/apache/catalina/connector/Request;Lorg/apache/catalina/connector/Response;)V+138
j  org.apache.catalina.valves.ErrorReportValve.invoke(Lorg/apache/catalina/connector/Request;Lorg/apache/catalina/connector/Response;)V+6
j  org.apache.catalina.core.StandardEngineValve.invoke(Lorg/apache/catalina/connector/Request;Lorg/apache/catalina/connector/Response;)V+71
j  org.apache.catalina.connector.CoyoteAdapter.service(Lorg/apache/coyote/Request;Lorg/apache/coyote/Response;)V+199
j  org.apache.coyote.http11.Http11Processor.service(Lorg/apache/tomcat/util/net/SocketWrapperBase;)Lorg/apache/tomcat/util/net/AbstractEndpoint$Handler$SocketState;+806
j  org.apache.coyote.AbstractProcessorLight.process(Lorg/apache/tomcat/util/net/SocketWrapperBase;Lorg/apache/tomcat/util/net/SocketEvent;)Lorg/apache/tomcat/util/net/AbstractEndpoint$Handler$SocketState;+113
j  org.apache.coyote.AbstractProtocol$ConnectionHandler.process(Lorg/apache/tomcat/util/net/SocketWrapperBase;Lorg/apache/tomcat/util/net/SocketEvent;)Lorg/apache/tomcat/util/net/AbstractEndpoint$Handler$SocketState;+378
j  org.apache.tomcat.util.net.NioEndpoint$SocketProcessor.doRun()V+191
j  org.apache.tomcat.util.net.SocketProcessorBase.run()V+21
j  java.util.concurrent.ThreadPoolExecutor.runWorker(Ljava/util/concurrent/ThreadPoolExecutor$Worker;)V+95
j  java.util.concurrent.ThreadPoolExecutor$Worker.run()V+5
j  org.apache.tomcat.util.threads.TaskThread$WrappingRunnable.run()V+4
j  java.lang.Thread.run()V+11
v  ~StubRoutines::call_stub

---------------  P R O C E S S  ---------------

Java Threads: ( => current thread )
  0x00007fec68b12800 JavaThread "Java2D Disposer" daemon [_thread_blocked, id=41739, stack(0x0000700011795000,0x0000700011895000)]
  0x00007fec6a801800 JavaThread "AWT-AppKit" daemon [_thread_in_native, id=775, stack(0x00007ffee84bb000,0x00007ffee8cbb000)]
  0x00007fec6a2a9800 JavaThread "DestroyJavaVM" [_thread_blocked, id=9987, stack(0x000070000fe4a000,0x000070000ff4a000)]
  0x00007fec6a2a9000 JavaThread "http-nio-8080-AsyncTimeout" daemon [_thread_blocked, id=35075, stack(0x00007000135ef000,0x00007000136ef000)]
  0x00007fec6a2a2000 JavaThread "http-nio-8080-Acceptor-0" daemon [_thread_in_native, id=31747, stack(0x00007000134ec000,0x00007000135ec000)]
  0x00007fec6a28f800 JavaThread "http-nio-8080-ClientPoller-1" daemon [_thread_in_native, id=31235, stack(0x00007000133e9000,0x00007000134e9000)]
  0x00007fec6c320800 JavaThread "http-nio-8080-ClientPoller-0" daemon [_thread_in_native, id=30723, stack(0x00007000132e6000,0x00007000133e6000)]
  0x00007fec6c31d000 JavaThread "http-nio-8080-exec-10" daemon [_thread_blocked, id=35843, stack(0x00007000131e3000,0x00007000132e3000)]
  0x00007fec68030000 JavaThread "http-nio-8080-exec-9" daemon [_thread_blocked, id=36099, stack(0x00007000130e0000,0x00007000131e0000)]
  0x00007fec6aa9b800 JavaThread "http-nio-8080-exec-8" daemon [_thread_blocked, id=36611, stack(0x0000700012fdd000,0x00007000130dd000)]
  0x00007fec68092000 JavaThread "http-nio-8080-exec-7" daemon [_thread_blocked, id=36867, stack(0x0000700012eda000,0x0000700012fda000)]
  0x00007fec6aa93000 JavaThread "http-nio-8080-exec-6" daemon [_thread_blocked, id=37379, stack(0x0000700012dd7000,0x0000700012ed7000)]
  0x00007fec6aa98000 JavaThread "http-nio-8080-exec-5" daemon [_thread_blocked, id=29699, stack(0x0000700012cd4000,0x0000700012dd4000)]
  0x00007fec6c31c000 JavaThread "http-nio-8080-exec-4" daemon [_thread_blocked, id=29443, stack(0x0000700012bd1000,0x0000700012cd1000)]
  0x00007fec6aa8d000 JavaThread "http-nio-8080-exec-3" daemon [_thread_blocked, id=37891, stack(0x0000700012ace000,0x0000700012bce000)]
  0x00007fec6c31b800 JavaThread "http-nio-8080-exec-2" daemon [_thread_blocked, id=28931, stack(0x00007000129cb000,0x0000700012acb000)]
=>0x00007fec6c30b000 JavaThread "http-nio-8080-exec-1" daemon [_thread_in_native, id=28675, stack(0x00007000128c8000,0x00007000129c8000)]
  0x00007fec6c313000 JavaThread "NioBlockingSelector.BlockPoller-1" daemon [_thread_in_native, id=28427, stack(0x00007000127c5000,0x00007000128c5000)]
  0x00007fec68ab6000 JavaThread "I/O dispatcher 8" [_thread_in_native, id=27907, stack(0x00007000126c2000,0x00007000127c2000)]
  0x00007fec68ab5000 JavaThread "I/O dispatcher 7" [_thread_in_native, id=39171, stack(0x00007000125bf000,0x00007000126bf000)]
  0x00007fec68ab4800 JavaThread "I/O dispatcher 6" [_thread_in_native, id=27395, stack(0x00007000124bc000,0x00007000125bc000)]
  0x00007fec68ab3800 JavaThread "I/O dispatcher 5" [_thread_in_native, id=27139, stack(0x00007000123b9000,0x00007000124b9000)]
  0x00007fec68ab3000 JavaThread "I/O dispatcher 4" [_thread_in_native, id=26627, stack(0x00007000122b6000,0x00007000123b6000)]
  0x00007fec6c2d5000 JavaThread "I/O dispatcher 3" [_thread_in_native, id=26115, stack(0x00007000121b3000,0x00007000122b3000)]
  0x00007fec6c2da000 JavaThread "I/O dispatcher 2" [_thread_in_native, id=25859, stack(0x00007000120b0000,0x00007000121b0000)]
  0x00007fec68a8b800 JavaThread "I/O dispatcher 1" [_thread_in_native, id=25347, stack(0x0000700011fad000,0x00007000120ad000)]
  0x00007fec68a9b800 JavaThread "pool-1-thread-1" [_thread_in_native, id=25091, stack(0x0000700011eaa000,0x0000700011faa000)]
  0x00007fec6aa64800 JavaThread "container-0" [_thread_blocked, id=40195, stack(0x0000700011da7000,0x0000700011ea7000)]
  0x00007fec68a82000 JavaThread "ContainerBackgroundProcessor[StandardEngine[Tomcat]]" daemon [_thread_blocked, id=40471, stack(0x0000700011a9e000,0x0000700011b9e000)]
  0x00007fec6a0da800 JavaThread "RMI Scheduler(0)" daemon [_thread_blocked, id=41475, stack(0x0000700011898000,0x0000700011998000)]
  0x00007fec688d6000 JavaThread "RMI TCP Accept-0" daemon [_thread_in_native, id=42755, stack(0x000070001158f000,0x000070001168f000)]
  0x00007fec688c9800 JavaThread "RMI TCP Accept-50183" daemon [_thread_in_native, id=43011, stack(0x000070001148c000,0x000070001158c000)]
  0x00007fec680ae000 JavaThread "RMI TCP Accept-0" daemon [_thread_in_native, id=43267, stack(0x0000700011389000,0x0000700011489000)]
  0x00007fec6c03a800 JavaThread "Service Thread" daemon [_thread_blocked, id=22275, stack(0x0000700011286000,0x0000700011386000)]
  0x00007fec6900f000 JavaThread "C1 CompilerThread3" daemon [_thread_blocked, id=21763, stack(0x0000700011183000,0x0000700011283000)]
  0x00007fec6b800000 JavaThread "C2 CompilerThread2" daemon [_thread_blocked, id=15363, stack(0x0000700011080000,0x0000700011180000)]
  0x00007fec6880d000 JavaThread "C2 CompilerThread1" daemon [_thread_blocked, id=16131, stack(0x0000700010f7d000,0x000070001107d000)]
  0x00007fec68804800 JavaThread "C2 CompilerThread0" daemon [_thread_blocked, id=15107, stack(0x0000700010e7a000,0x0000700010f7a000)]
  0x00007fec6a805800 JavaThread "JDWP Command Reader" daemon [_thread_in_native, id=14851, stack(0x0000700010d77000,0x0000700010e77000)]
  0x00007fec6880c000 JavaThread "JDWP Event Helper Thread" daemon [_thread_blocked, id=17155, stack(0x0000700010c74000,0x0000700010d74000)]
  0x00007fec6b043800 JavaThread "JDWP Transport Listener: dt_socket" daemon [_thread_blocked, id=17671, stack(0x0000700010b71000,0x0000700010c71000)]
  0x00007fec6c007000 JavaThread "Signal Dispatcher" daemon [_thread_blocked, id=17927, stack(0x0000700010a6e000,0x0000700010b6e000)]
  0x00007fec6881d000 JavaThread "Finalizer" daemon [_thread_blocked, id=19459, stack(0x000070001096b000,0x0000700010a6b000)]
  0x00007fec6a803000 JavaThread "Reference Handler" daemon [_thread_blocked, id=12547, stack(0x0000700010868000,0x0000700010968000)]

Other Threads:
  0x00007fec6a01d800 VMThread [stack: 0x0000700010765000,0x0000700010865000] [id=12035]
  0x00007fec69119800 WatcherThread [stack: 0x0000700011692000,0x0000700011792000] [id=23299]

VM state:not at safepoint (normal execution)

VM Mutex/Monitor currently owned by a thread: None

Heap:
 PSYoungGen      total 186368K, used 19283K [0x000000076ab00000, 0x0000000779000000, 0x00000007c0000000)
  eden space 172032K, 11% used [0x000000076ab00000,0x000000076bdd4c48,0x0000000775300000)
  from space 14336K, 0% used [0x0000000776300000,0x0000000776300000,0x0000000777100000)
  to   space 16384K, 0% used [0x0000000775300000,0x0000000775300000,0x0000000776300000)
 ParOldGen       total 140288K, used 21700K [0x00000006c0000000, 0x00000006c8900000, 0x000000076ab00000)
  object space 140288K, 15% used [0x00000006c0000000,0x00000006c15312e8,0x00000006c8900000)
 Metaspace       used 36132K, capacity 36592K, committed 36952K, reserved 1081344K
  class space    used 4628K, capacity 4795K, committed 4864K, reserved 1048576K

Card table byte_map: [0x00000001093f2000,0x0000000109bf3000] byte_map_base: 0x0000000105df2000

Marking Bits: (ParMarkBitMap*) 0x00000001088f35d0
 Begin Bits: [0x000000011da76000, 0x0000000121a76000)
 End Bits:   [0x0000000121a76000, 0x0000000125a76000)

Polling page: 0x0000000106fc9000

CodeCache: size=245760Kb used=7986Kb max_used=7986Kb free=237773Kb
 bounds [0x000000010ea76000, 0x000000010f246000, 0x000000011da76000]
 total_blobs=3984 nmethods=3440 adapters=464
 compilation: enabled

Compilation events (10 events):
Event: 129.270 Thread 0x00007fec6900f000 3439       1       javax.imageio.stream.ImageInputStreamImpl::checkClosed (18 bytes)
Event: 129.270 Thread 0x00007fec6900f000 nmethod 3439 0x000000010f23f490 code [0x000000010f23f600, 0x000000010f23f7c8]
Event: 129.272 Thread 0x00007fec6900f000 3440       1       sun.awt.image.BytePackedRaster::getByteData (786 bytes)
Event: 129.273 Thread 0x00007fec6900f000 nmethod 3440 0x000000010f23f890 code [0x000000010f23faa0, 0x000000010f2408a8]
Event: 129.273 Thread 0x00007fec6900f000 3441  s    1       java.util.Stack::peek (25 bytes)
Event: 129.273 Thread 0x00007fec6900f000 nmethod 3441 0x000000010f241c50 code [0x000000010f241de0, 0x000000010f242298]
Event: 129.293 Thread 0x00007fec6900f000 3442       1       com.github.jaiimageio.plugins.tiff.TIFFTag::getNumber (5 bytes)
Event: 129.293 Thread 0x00007fec6900f000 nmethod 3442 0x000000010f242450 code [0x000000010f2425a0, 0x000000010f2426b0]
Event: 129.293 Thread 0x00007fec6900f000 3443       1       com.github.jaiimageio.plugins.tiff.TIFFTag::getName (5 bytes)
Event: 129.293 Thread 0x00007fec6900f000 nmethod 3443 0x000000010f242710 code [0x000000010f242860, 0x000000010f242970]

GC Heap History (10 events):
Event: 3.040 GC heap before
{Heap before GC invocations=4 (full 1):
 PSYoungGen      total 76288K, used 8094K [0x000000076ab00000, 0x0000000774000000, 0x00000007c0000000)
  eden space 65536K, 0% used [0x000000076ab00000,0x000000076ab00000,0x000000076eb00000)
  from space 10752K, 75% used [0x000000076eb00000,0x000000076f2e7b90,0x000000076f580000)
  to   space 10752K, 0% used [0x0000000773580000,0x0000000773580000,0x0000000774000000)
 ParOldGen       total 175104K, used 104K [0x00000006c0000000, 0x00000006cab00000, 0x000000076ab00000)
  object space 175104K, 0% used [0x00000006c0000000,0x00000006c001a010,0x00000006cab00000)
 Metaspace       used 20811K, capacity 21078K, committed 21248K, reserved 1067008K
  class space    used 2626K, capacity 2704K, committed 2816K, reserved 1048576K
Event: 3.073 GC heap after
Heap after GC invocations=4 (full 1):
 PSYoungGen      total 76288K, used 0K [0x000000076ab00000, 0x0000000774000000, 0x00000007c0000000)
  eden space 65536K, 0% used [0x000000076ab00000,0x000000076ab00000,0x000000076eb00000)
  from space 10752K, 0% used [0x000000076eb00000,0x000000076eb00000,0x000000076f580000)
  to   space 10752K, 0% used [0x0000000773580000,0x0000000773580000,0x0000000774000000)
 ParOldGen       total 97280K, used 8011K [0x00000006c0000000, 0x00000006c5f00000, 0x000000076ab00000)
  object space 97280K, 8% used [0x00000006c0000000,0x00000006c07d2f78,0x00000006c5f00000)
 Metaspace       used 20811K, capacity 21078K, committed 21248K, reserved 1067008K
  class space    used 2626K, capacity 2704K, committed 2816K, reserved 1048576K
}
Event: 3.547 GC heap before
{Heap before GC invocations=5 (full 1):
 PSYoungGen      total 76288K, used 65536K [0x000000076ab00000, 0x0000000774000000, 0x00000007c0000000)
  eden space 65536K, 100% used [0x000000076ab00000,0x000000076eb00000,0x000000076eb00000)
  from space 10752K, 0% used [0x000000076eb00000,0x000000076eb00000,0x000000076f580000)
  to   space 10752K, 0% used [0x0000000773580000,0x0000000773580000,0x0000000774000000)
 ParOldGen       total 97280K, used 8011K [0x00000006c0000000, 0x00000006c5f00000, 0x000000076ab00000)
  object space 97280K, 8% used [0x00000006c0000000,0x00000006c07d2f78,0x00000006c5f00000)
 Metaspace       used 24578K, capacity 24924K, committed 25088K, reserved 1071104K
  class space    used 3118K, capacity 3217K, committed 3328K, reserved 1048576K
Event: 3.554 GC heap after
Heap after GC invocations=5 (full 1):
 PSYoungGen      total 116224K, used 9082K [0x000000076ab00000, 0x0000000773e80000, 0x00000007c0000000)
  eden space 107008K, 0% used [0x000000076ab00000,0x000000076ab00000,0x0000000771380000)
  from space 9216K, 98% used [0x0000000773580000,0x0000000773e5e9c8,0x0000000773e80000)
  to   space 10752K, 0% used [0x0000000772980000,0x0000000772980000,0x0000000773400000)
 ParOldGen       total 97280K, used 8019K [0x00000006c0000000, 0x00000006c5f00000, 0x000000076ab00000)
  object space 97280K, 8% used [0x00000006c0000000,0x00000006c07d4f78,0x00000006c5f00000)
 Metaspace       used 24578K, capacity 24924K, committed 25088K, reserved 1071104K
  class space    used 3118K, capacity 3217K, committed 3328K, reserved 1048576K
}
Event: 4.333 GC heap before
{Heap before GC invocations=6 (full 1):
 PSYoungGen      total 116224K, used 116090K [0x000000076ab00000, 0x0000000773e80000, 0x00000007c0000000)
  eden space 107008K, 100% used [0x000000076ab00000,0x0000000771380000,0x0000000771380000)
  from space 9216K, 98% used [0x0000000773580000,0x0000000773e5e9c8,0x0000000773e80000)
  to   space 10752K, 0% used [0x0000000772980000,0x0000000772980000,0x0000000773400000)
 ParOldGen       total 97280K, used 8019K [0x00000006c0000000, 0x00000006c5f00000, 0x000000076ab00000)
  object space 97280K, 8% used [0x00000006c0000000,0x00000006c07d4f78,0x00000006c5f00000)
 Metaspace       used 29248K, capacity 29648K, committed 29824K, reserved 1075200K
  class space    used 3737K, capacity 3880K, committed 3968K, reserved 1048576K
Event: 4.347 GC heap after
Heap after GC invocations=6 (full 1):
 PSYoungGen      total 140288K, used 10720K [0x000000076ab00000, 0x0000000777100000, 0x00000007c0000000)
  eden space 129536K, 0% used [0x000000076ab00000,0x000000076ab00000,0x0000000772980000)
  from space 10752K, 99% used [0x0000000772980000,0x00000007733f82f0,0x0000000773400000)
  to   space 14336K, 0% used [0x0000000776300000,0x0000000776300000,0x0000000777100000)
 ParOldGen       total 97280K, used 12411K [0x00000006c0000000, 0x00000006c5f00000, 0x000000076ab00000)
  object space 97280K, 12% used [0x00000006c0000000,0x00000006c0c1ede8,0x00000006c5f00000)
 Metaspace       used 29248K, capacity 29648K, committed 29824K, reserved 1075200K
  class space    used 3737K, capacity 3880K, committed 3968K, reserved 1048576K
}
Event: 129.076 GC heap before
{Heap before GC invocations=7 (full 1):
 PSYoungGen      total 140288K, used 66041K [0x000000076ab00000, 0x0000000777100000, 0x00000007c0000000)
  eden space 129536K, 42% used [0x000000076ab00000,0x000000076e106370,0x0000000772980000)
  from space 10752K, 99% used [0x0000000772980000,0x00000007733f82f0,0x0000000773400000)
  to   space 14336K, 0% used [0x0000000776300000,0x0000000776300000,0x0000000777100000)
 ParOldGen       total 97280K, used 12411K [0x00000006c0000000, 0x00000006c5f00000, 0x000000076ab00000)
  object space 97280K, 12% used [0x00000006c0000000,0x00000006c0c1ede8,0x00000006c5f00000)
 Metaspace       used 34757K, capacity 35216K, committed 35416K, reserved 1081344K
  class space    used 4406K, capacity 4571K, committed 4608K, reserved 1048576K
Event: 129.088 GC heap after
Heap after GC invocations=7 (full 1):
 PSYoungGen      total 186368K, used 14313K [0x000000076ab00000, 0x0000000779000000, 0x00000007c0000000)
  eden space 172032K, 0% used [0x000000076ab00000,0x000000076ab00000,0x0000000775300000)
  from space 14336K, 99% used [0x0000000776300000,0x00000007770fa570,0x0000000777100000)
  to   space 16384K, 0% used [0x0000000775300000,0x0000000775300000,0x0000000776300000)
 ParOldGen       total 97280K, used 13369K [0x00000006c0000000, 0x00000006c5f00000, 0x000000076ab00000)
  object space 97280K, 13% used [0x00000006c0000000,0x00000006c0d0e6c0,0x00000006c5f00000)
 Metaspace       used 34757K, capacity 35216K, committed 35416K, reserved 1081344K
  class space    used 4406K, capacity 4571K, committed 4608K, reserved 1048576K
}
Event: 129.088 GC heap before
{Heap before GC invocations=8 (full 2):
 PSYoungGen      total 186368K, used 14313K [0x000000076ab00000, 0x0000000779000000, 0x00000007c0000000)
  eden space 172032K, 0% used [0x000000076ab00000,0x000000076ab00000,0x0000000775300000)
  from space 14336K, 99% used [0x0000000776300000,0x00000007770fa570,0x0000000777100000)
  to   space 16384K, 0% used [0x0000000775300000,0x0000000775300000,0x0000000776300000)
 ParOldGen       total 97280K, used 13369K [0x00000006c0000000, 0x00000006c5f00000, 0x000000076ab00000)
  object space 97280K, 13% used [0x00000006c0000000,0x00000006c0d0e6c0,0x00000006c5f00000)
 Metaspace       used 34757K, capacity 35216K, committed 35416K, reserved 1081344K
  class space    used 4406K, capacity 4571K, committed 4608K, reserved 1048576K
Event: 129.148 GC heap after
Heap after GC invocations=8 (full 2):
 PSYoungGen      total 186368K, used 0K [0x000000076ab00000, 0x0000000779000000, 0x00000007c0000000)
  eden space 172032K, 0% used [0x000000076ab00000,0x000000076ab00000,0x0000000775300000)
  from space 14336K, 0% used [0x0000000776300000,0x0000000776300000,0x0000000777100000)
  to   space 16384K, 0% used [0x0000000775300000,0x0000000775300000,0x0000000776300000)
 ParOldGen       total 140288K, used 21700K [0x00000006c0000000, 0x00000006c8900000, 0x000000076ab00000)
  object space 140288K, 15% used [0x00000006c0000000,0x00000006c15312e8,0x00000006c8900000)
 Metaspace       used 34757K, capacity 35216K, committed 35416K, reserved 1081344K
  class space    used 4406K, capacity 4571K, committed 4608K, reserved 1048576K
}

Deoptimization events (0 events):
No events

Internal exceptions (10 events):
Event: 128.356 Thread 0x00007fec6c30b000 Exception <a 'java/lang/ClassNotFoundException': org/springframework/web/servlet/ThemeResolverCustomizer> (0x000000076c85d0f8) thrown at [/Users/java_re/workspace/8-2-build-macosx-x86_64/jdk8u144/9417/hotspot/src/share/vm/classfile/systemDictionary.cpp, l
Event: 128.358 Thread 0x00007fec6c30b000 Exception <a 'java/lang/ClassNotFoundException': java/lang/ObjectCustomizer> (0x000000076c87b8f0) thrown at [/Users/java_re/workspace/8-2-build-macosx-x86_64/jdk8u144/9417/hotspot/src/share/vm/classfile/systemDictionary.cpp, line 210]
Event: 128.359 Thread 0x00007fec6c30b000 Exception <a 'java/lang/ClassNotFoundException': org/springframework/web/servlet/view/DefaultRequestToViewNameTranslatorCustomizer> (0x000000076c898c88) thrown at [/Users/java_re/workspace/8-2-build-macosx-x86_64/jdk8u144/9417/hotspot/src/share/vm/classfi
Event: 128.359 Thread 0x00007fec6c30b000 Exception <a 'java/lang/ClassNotFoundException': org/springframework/web/servlet/RequestToViewNameTranslatorCustomizer> (0x000000076c8c1aa8) thrown at [/Users/java_re/workspace/8-2-build-macosx-x86_64/jdk8u144/9417/hotspot/src/share/vm/classfile/systemDic
Event: 128.362 Thread 0x00007fec6c30b000 Exception <a 'java/lang/ClassNotFoundException': java/lang/ObjectCustomizer> (0x000000076c8f3b00) thrown at [/Users/java_re/workspace/8-2-build-macosx-x86_64/jdk8u144/9417/hotspot/src/share/vm/classfile/systemDictionary.cpp, line 210]
Event: 128.362 Thread 0x00007fec6c30b000 Exception <a 'java/lang/ClassNotFoundException': org/springframework/web/servlet/support/AbstractFlashMapManagerCustomizer> (0x000000076c90f3d0) thrown at [/Users/java_re/workspace/8-2-build-macosx-x86_64/jdk8u144/9417/hotspot/src/share/vm/classfile/syste
Event: 128.363 Thread 0x00007fec6c30b000 Exception <a 'java/lang/ClassNotFoundException': org/springframework/web/servlet/support/SessionFlashMapManagerCustomizer> (0x000000076c92eac0) thrown at [/Users/java_re/workspace/8-2-build-macosx-x86_64/jdk8u144/9417/hotspot/src/share/vm/classfile/system
Event: 128.364 Thread 0x00007fec6c30b000 Exception <a 'java/lang/ClassNotFoundException': org/springframework/web/servlet/FlashMapManagerCustomizer> (0x000000076c946178) thrown at [/Users/java_re/workspace/8-2-build-macosx-x86_64/jdk8u144/9417/hotspot/src/share/vm/classfile/systemDictionary.cpp,
Event: 128.999 Thread 0x00007fec6c30b000 Exception <a 'java/io/FileNotFoundException'> (0x000000076df17088) thrown at [/Users/java_re/workspace/8-2-build-macosx-x86_64/jdk8u144/9417/hotspot/src/share/vm/prims/jni.cpp, line 709]
Event: 128.999 Thread 0x00007fec6c30b000 Exception <a 'java/io/FileNotFoundException'> (0x000000076df17fa8) thrown at [/Users/java_re/workspace/8-2-build-macosx-x86_64/jdk8u144/9417/hotspot/src/share/vm/prims/jni.cpp, line 709]

Events (10 events):
Event: 129.311 Thread 0x00007fec6c30b000 DEOPT PACKING pc=0x000000010efbba04 sp=0x00007000129c3de0
Event: 129.311 Thread 0x00007fec6c30b000 DEOPT UNPACKING pc=0x000000010eabd633 sp=0x00007000129c3c10 mode 1
Event: 129.313 loading class com/sun/jna/Native$Buffers
Event: 129.313 loading class com/sun/jna/Native$Buffers done
Event: 129.313 Thread 0x00007fec6c30b000 DEOPT PACKING pc=0x000000010ec6da51 sp=0x00007000129c35c0
Event: 129.313 Thread 0x00007fec6c30b000 DEOPT UNPACKING pc=0x000000010eabd633 sp=0x00007000129c3330 mode 1
Event: 129.313 Thread 0x00007fec6c30b000 DEOPT PACKING pc=0x000000010efbbabc sp=0x00007000129c3640
Event: 129.313 Thread 0x00007fec6c30b000 DEOPT UNPACKING pc=0x000000010eabd633 sp=0x00007000129c3470 mode 1
Event: 129.313 Thread 0x00007fec6c30b000 DEOPT PACKING pc=0x000000010efbba04 sp=0x00007000129c37c0
Event: 129.313 Thread 0x00007fec6c30b000 DEOPT UNPACKING pc=0x000000010eabd633 sp=0x00007000129c35f0 mode 1


Dynamic libraries:
0x0000000006fde000 	/System/Library/Frameworks/Cocoa.framework/Versions/A/Cocoa
0x0000000006fde000 	/System/Library/Frameworks/Security.framework/Versions/A/Security
0x0000000006fde000 	/System/Library/Frameworks/ApplicationServices.framework/Versions/A/ApplicationServices
0x0000000006fde000 	/usr/lib/libz.1.dylib
0x0000000006fde000 	/usr/lib/libSystem.B.dylib
0x0000000006fde000 	/usr/lib/libobjc.A.dylib
0x0000000006fde000 	/System/Library/Frameworks/CoreFoundation.framework/Versions/A/CoreFoundation
0x0000000006fde000 	/System/Library/Frameworks/Foundation.framework/Versions/C/Foundation
0x0000000006fde000 	/System/Library/Frameworks/AppKit.framework/Versions/C/AppKit
0x0000000006fde000 	/System/Library/Frameworks/CoreData.framework/Versions/A/CoreData
0x0000000006fde000 	/System/Library/PrivateFrameworks/RemoteViewServices.framework/Versions/A/RemoteViewServices
0x0000000006fde000 	/System/Library/PrivateFrameworks/UIFoundation.framework/Versions/A/UIFoundation
0x0000000006fde000 	/System/Library/PrivateFrameworks/DFRFoundation.framework/Versions/A/DFRFoundation
0x0000000006fde000 	/System/Library/Frameworks/Metal.framework/Versions/A/Metal
0x0000000006fde000 	/System/Library/PrivateFrameworks/DesktopServicesPriv.framework/Versions/A/DesktopServicesPriv
0x0000000006fde000 	/usr/lib/libenergytrace.dylib
0x0000000006fde000 	/System/Library/PrivateFrameworks/SkyLight.framework/Versions/A/SkyLight
0x0000000006fde000 	/System/Library/Frameworks/CoreGraphics.framework/Versions/A/CoreGraphics
0x0000000006fde000 	/usr/lib/libScreenReader.dylib
0x0000000006fde000 	/System/Library/Frameworks/Accelerate.framework/Versions/A/Accelerate
0x0000000006fde000 	/System/Library/Frameworks/IOSurface.framework/Versions/A/IOSurface
0x0000000006fde000 	/System/Library/Frameworks/AudioToolbox.framework/Versions/A/AudioToolbox
0x0000000006fde000 	/System/Library/Frameworks/AudioUnit.framework/Versions/A/AudioUnit
0x0000000006fde000 	/System/Library/PrivateFrameworks/DataDetectorsCore.framework/Versions/A/DataDetectorsCore
0x0000000006fde000 	/System/Library/Frameworks/Carbon.framework/Versions/A/Frameworks/HIToolbox.framework/Versions/A/HIToolbox
0x0000000006fde000 	/usr/lib/libicucore.A.dylib
0x0000000006fde000 	/System/Library/Frameworks/QuartzCore.framework/Versions/A/QuartzCore
0x0000000006fde000 	/System/Library/Frameworks/Carbon.framework/Versions/A/Frameworks/SpeechRecognition.framework/Versions/A/SpeechRecognition
0x0000000006fde000 	/usr/lib/libauto.dylib
0x0000000006fde000 	/usr/lib/libxml2.2.dylib
0x0000000006fde000 	/System/Library/PrivateFrameworks/CoreUI.framework/Versions/A/CoreUI
0x0000000006fde000 	/System/Library/Frameworks/CoreAudio.framework/Versions/A/CoreAudio
0x0000000006fde000 	/System/Library/Frameworks/DiskArbitration.framework/Versions/A/DiskArbitration
0x0000000006fde000 	/usr/lib/liblangid.dylib
0x0000000006fde000 	/System/Library/PrivateFrameworks/MultitouchSupport.framework/Versions/A/MultitouchSupport
0x0000000006fde000 	/System/Library/Frameworks/IOKit.framework/Versions/A/IOKit
0x0000000006fde000 	/usr/lib/libDiagnosticMessagesClient.dylib
0x0000000006fde000 	/System/Library/Frameworks/CoreServices.framework/Versions/A/CoreServices
0x0000000006fde000 	/System/Library/PrivateFrameworks/PerformanceAnalysis.framework/Versions/A/PerformanceAnalysis
0x0000000006fde000 	/System/Library/Frameworks/OpenGL.framework/Versions/A/OpenGL
0x0000000006fde000 	/System/Library/Frameworks/ColorSync.framework/Versions/A/ColorSync
0x0000000006fde000 	/System/Library/Frameworks/CoreImage.framework/Versions/A/CoreImage
0x0000000006fde000 	/System/Library/Frameworks/CoreText.framework/Versions/A/CoreText
0x0000000006fde000 	/System/Library/Frameworks/ImageIO.framework/Versions/A/ImageIO
0x0000000006fde000 	/System/Library/PrivateFrameworks/Backup.framework/Versions/A/Backup
0x0000000006fde000 	/usr/lib/libarchive.2.dylib
0x0000000006fde000 	/System/Library/Frameworks/CFNetwork.framework/Versions/A/CFNetwork
0x0000000006fde000 	/System/Library/Frameworks/SystemConfiguration.framework/Versions/A/SystemConfiguration
0x0000000006fde000 	/usr/lib/libCRFSuite.dylib
0x0000000006fde000 	/usr/lib/libc++.1.dylib
0x0000000006fde000 	/usr/lib/libc++abi.dylib
0x0000000006fde000 	/usr/lib/system/libcache.dylib
0x0000000006fde000 	/usr/lib/system/libcommonCrypto.dylib
0x0000000006fde000 	/usr/lib/system/libcompiler_rt.dylib
0x0000000006fde000 	/usr/lib/system/libcopyfile.dylib
0x0000000006fde000 	/usr/lib/system/libcorecrypto.dylib
0x0000000006fde000 	/usr/lib/system/libdispatch.dylib
0x0000000006fde000 	/usr/lib/system/libdyld.dylib
0x0000000006fde000 	/usr/lib/system/libkeymgr.dylib
0x0000000006fde000 	/usr/lib/system/liblaunch.dylib
0x0000000006fde000 	/usr/lib/system/libmacho.dylib
0x0000000006fde000 	/usr/lib/system/libquarantine.dylib
0x0000000006fde000 	/usr/lib/system/libremovefile.dylib
0x0000000006fde000 	/usr/lib/system/libsystem_asl.dylib
0x0000000006fde000 	/usr/lib/system/libsystem_blocks.dylib
0x0000000006fde000 	/usr/lib/system/libsystem_c.dylib
0x0000000006fde000 	/usr/lib/system/libsystem_configuration.dylib
0x0000000006fde000 	/usr/lib/system/libsystem_coreservices.dylib
0x0000000006fde000 	/usr/lib/system/libsystem_darwin.dylib
0x0000000006fde000 	/usr/lib/system/libsystem_dnssd.dylib
0x0000000006fde000 	/usr/lib/system/libsystem_info.dylib
0x0000000006fde000 	/usr/lib/system/libsystem_m.dylib
0x0000000006fde000 	/usr/lib/system/libsystem_malloc.dylib
0x0000000006fde000 	/usr/lib/system/libsystem_network.dylib
0x0000000006fde000 	/usr/lib/system/libsystem_networkextension.dylib
0x0000000006fde000 	/usr/lib/system/libsystem_notify.dylib
0x0000000006fde000 	/usr/lib/system/libsystem_sandbox.dylib
0x0000000006fde000 	/usr/lib/system/libsystem_secinit.dylib
0x0000000006fde000 	/usr/lib/system/libsystem_kernel.dylib
0x0000000006fde000 	/usr/lib/system/libsystem_platform.dylib
0x0000000006fde000 	/usr/lib/system/libsystem_pthread.dylib
0x0000000006fde000 	/usr/lib/system/libsystem_symptoms.dylib
0x0000000006fde000 	/usr/lib/system/libsystem_trace.dylib
0x0000000006fde000 	/usr/lib/system/libunwind.dylib
0x0000000006fde000 	/usr/lib/system/libxpc.dylib
0x0000000006fde000 	/usr/lib/closure/libclosured.dylib
0x0000000006fde000 	/usr/lib/libbsm.0.dylib
0x0000000006fde000 	/usr/lib/system/libkxld.dylib
0x0000000006fde000 	/usr/lib/libOpenScriptingUtil.dylib
0x0000000006fde000 	/usr/lib/libcoretls.dylib
0x0000000006fde000 	/usr/lib/libcoretls_cfhelpers.dylib
0x0000000006fde000 	/usr/lib/libpam.2.dylib
0x0000000006fde000 	/usr/lib/libsqlite3.dylib
0x0000000006fde000 	/usr/lib/libxar.1.dylib
0x0000000006fde000 	/usr/lib/libbz2.1.0.dylib
0x0000000006fde000 	/usr/lib/liblzma.5.dylib
0x0000000006fde000 	/usr/lib/libnetwork.dylib
0x0000000006fde000 	/usr/lib/libapple_nghttp2.dylib
0x0000000006fde000 	/usr/lib/libpcap.A.dylib
0x0000000006fde000 	/usr/lib/libboringssl.dylib
0x0000000006fde000 	/usr/lib/libusrtcp.dylib
0x0000000006fde000 	/usr/lib/libapple_crypto.dylib
0x0000000006fde000 	/System/Library/Frameworks/CoreServices.framework/Versions/A/Frameworks/FSEvents.framework/Versions/A/FSEvents
0x0000000006fde000 	/System/Library/Frameworks/CoreServices.framework/Versions/A/Frameworks/CarbonCore.framework/Versions/A/CarbonCore
0x0000000006fde000 	/System/Library/Frameworks/CoreServices.framework/Versions/A/Frameworks/Metadata.framework/Versions/A/Metadata
0x0000000006fde000 	/System/Library/Frameworks/CoreServices.framework/Versions/A/Frameworks/OSServices.framework/Versions/A/OSServices
0x0000000006fde000 	/System/Library/Frameworks/CoreServices.framework/Versions/A/Frameworks/SearchKit.framework/Versions/A/SearchKit
0x0000000006fde000 	/System/Library/Frameworks/CoreServices.framework/Versions/A/Frameworks/AE.framework/Versions/A/AE
0x0000000006fde000 	/System/Library/Frameworks/CoreServices.framework/Versions/A/Frameworks/LaunchServices.framework/Versions/A/LaunchServices
0x0000000006fde000 	/System/Library/Frameworks/CoreServices.framework/Versions/A/Frameworks/DictionaryServices.framework/Versions/A/DictionaryServices
0x0000000006fde000 	/System/Library/Frameworks/CoreServices.framework/Versions/A/Frameworks/SharedFileList.framework/Versions/A/SharedFileList
0x0000000006fde000 	/System/Library/Frameworks/NetFS.framework/Versions/A/NetFS
0x0000000006fde000 	/System/Library/PrivateFrameworks/NetAuth.framework/Versions/A/NetAuth
0x0000000006fde000 	/System/Library/PrivateFrameworks/login.framework/Versions/A/Frameworks/loginsupport.framework/Versions/A/loginsupport
0x0000000006fde000 	/System/Library/PrivateFrameworks/TCC.framework/Versions/A/TCC
0x0000000006fde000 	/usr/lib/libmecabra.dylib
0x0000000006fde000 	/System/Library/Frameworks/ApplicationServices.framework/Versions/A/Frameworks/ATS.framework/Versions/A/ATS
0x0000000006fde000 	/System/Library/Frameworks/ApplicationServices.framework/Versions/A/Frameworks/ColorSyncLegacy.framework/Versions/A/ColorSyncLegacy
0x0000000006fde000 	/System/Library/Frameworks/ApplicationServices.framework/Versions/A/Frameworks/HIServices.framework/Versions/A/HIServices
0x0000000006fde000 	/System/Library/Frameworks/ApplicationServices.framework/Versions/A/Frameworks/LangAnalysis.framework/Versions/A/LangAnalysis
0x0000000006fde000 	/System/Library/Frameworks/ApplicationServices.framework/Versions/A/Frameworks/PrintCore.framework/Versions/A/PrintCore
0x0000000006fde000 	/System/Library/Frameworks/ApplicationServices.framework/Versions/A/Frameworks/QD.framework/Versions/A/QD
0x0000000006fde000 	/System/Library/Frameworks/ApplicationServices.framework/Versions/A/Frameworks/SpeechSynthesis.framework/Versions/A/SpeechSynthesis
0x0000000006fde000 	/System/Library/Frameworks/CoreDisplay.framework/Versions/A/CoreDisplay
0x0000000006fde000 	/System/Library/Frameworks/Accelerate.framework/Versions/A/Frameworks/vImage.framework/Versions/A/vImage
0x0000000006fde000 	/System/Library/Frameworks/Accelerate.framework/Versions/A/Frameworks/vecLib.framework/Versions/A/vecLib
0x0000000006fde000 	/System/Library/Frameworks/Accelerate.framework/Versions/A/Frameworks/vecLib.framework/Versions/A/libvDSP.dylib
0x0000000006fde000 	/System/Library/Frameworks/Accelerate.framework/Versions/A/Frameworks/vecLib.framework/Versions/A/libBNNS.dylib
0x0000000006fde000 	/System/Library/Frameworks/Accelerate.framework/Versions/A/Frameworks/vecLib.framework/Versions/A/libQuadrature.dylib
0x0000000006fde000 	/System/Library/Frameworks/Accelerate.framework/Versions/A/Frameworks/vecLib.framework/Versions/A/libvMisc.dylib
0x0000000006fde000 	/System/Library/Frameworks/Accelerate.framework/Versions/A/Frameworks/vecLib.framework/Versions/A/libLAPACK.dylib
0x0000000006fde000 	/System/Library/Frameworks/Accelerate.framework/Versions/A/Frameworks/vecLib.framework/Versions/A/libBLAS.dylib
0x0000000006fde000 	/System/Library/Frameworks/Accelerate.framework/Versions/A/Frameworks/vecLib.framework/Versions/A/libLinearAlgebra.dylib
0x0000000006fde000 	/System/Library/Frameworks/Accelerate.framework/Versions/A/Frameworks/vecLib.framework/Versions/A/libSparse.dylib
0x0000000006fde000 	/System/Library/Frameworks/Accelerate.framework/Versions/A/Frameworks/vecLib.framework/Versions/A/libSparseBLAS.dylib
0x0000000006fde000 	/System/Library/PrivateFrameworks/IOAccelerator.framework/Versions/A/IOAccelerator
0x0000000006fde000 	/System/Library/PrivateFrameworks/IOPresentment.framework/Versions/A/IOPresentment
0x0000000006fde000 	/System/Library/PrivateFrameworks/DSExternalDisplay.framework/Versions/A/DSExternalDisplay
0x0000000006fde000 	/System/Library/Frameworks/OpenGL.framework/Versions/A/Libraries/libCoreFSCache.dylib
0x0000000006fde000 	/System/Library/Frameworks/CoreVideo.framework/Versions/A/CoreVideo
0x0000000006fde000 	/System/Library/PrivateFrameworks/GraphVisualizer.framework/Versions/A/GraphVisualizer
0x0000000006fde000 	/System/Library/Frameworks/MetalPerformanceShaders.framework/Versions/A/MetalPerformanceShaders
0x0000000006fde000 	/usr/lib/libFosl_dynamic.dylib
0x0000000006fde000 	/System/Library/PrivateFrameworks/FaceCore.framework/Versions/A/FaceCore
0x0000000006fde000 	/System/Library/Frameworks/OpenCL.framework/Versions/A/OpenCL
0x0000000006fde000 	/usr/lib/libcompression.dylib
0x0000000006fde000 	/System/Library/Frameworks/ApplicationServices.framework/Versions/A/Frameworks/ATS.framework/Versions/A/Resources/libFontParser.dylib
0x0000000006fde000 	/System/Library/Frameworks/ApplicationServices.framework/Versions/A/Frameworks/ATS.framework/Versions/A/Resources/libFontRegistry.dylib
0x0000000006fde000 	/System/Library/Frameworks/ImageIO.framework/Versions/A/Resources/libJPEG.dylib
0x0000000006fde000 	/System/Library/Frameworks/ImageIO.framework/Versions/A/Resources/libTIFF.dylib
0x0000000006fde000 	/System/Library/Frameworks/ImageIO.framework/Versions/A/Resources/libPng.dylib
0x0000000006fde000 	/System/Library/Frameworks/ImageIO.framework/Versions/A/Resources/libGIF.dylib
0x0000000006fde000 	/System/Library/Frameworks/ImageIO.framework/Versions/A/Resources/libJP2.dylib
0x0000000006fde000 	/System/Library/Frameworks/ImageIO.framework/Versions/A/Resources/libRadiance.dylib
0x0000000006fde000 	/System/Library/PrivateFrameworks/AppleJPEG.framework/Versions/A/AppleJPEG
0x0000000006fde000 	/System/Library/PrivateFrameworks/MetalTools.framework/Versions/A/MetalTools
0x0000000006fde000 	/System/Library/Frameworks/MetalPerformanceShaders.framework/Frameworks/MPSCore.framework/Versions/A/MPSCore
0x0000000006fde000 	/System/Library/Frameworks/MetalPerformanceShaders.framework/Frameworks/MPSImage.framework/Versions/A/MPSImage
0x0000000006fde000 	/System/Library/Frameworks/MetalPerformanceShaders.framework/Frameworks/MPSMatrix.framework/Versions/A/MPSMatrix
0x0000000006fde000 	/System/Library/Frameworks/MetalPerformanceShaders.framework/Frameworks/MPSNeuralNetwork.framework/Versions/A/MPSNeuralNetwork
0x0000000006fde000 	/System/Library/Frameworks/OpenGL.framework/Versions/A/Libraries/libGLU.dylib
0x0000000006fde000 	/System/Library/Frameworks/OpenGL.framework/Versions/A/Libraries/libGFXShared.dylib
0x0000000006fde000 	/System/Library/Frameworks/OpenGL.framework/Versions/A/Libraries/libGL.dylib
0x0000000006fde000 	/System/Library/Frameworks/OpenGL.framework/Versions/A/Libraries/libGLImage.dylib
0x0000000006fde000 	/System/Library/Frameworks/OpenGL.framework/Versions/A/Libraries/libCVMSPluginSupport.dylib
0x0000000006fde000 	/System/Library/Frameworks/OpenGL.framework/Versions/A/Libraries/libCoreVMClient.dylib
0x0000000006fde000 	/usr/lib/libcups.2.dylib
0x0000000006fde000 	/System/Library/Frameworks/Kerberos.framework/Versions/A/Kerberos
0x0000000006fde000 	/System/Library/Frameworks/GSS.framework/Versions/A/GSS
0x0000000006fde000 	/usr/lib/libresolv.9.dylib
0x0000000006fde000 	/usr/lib/libiconv.2.dylib
0x0000000006fde000 	/System/Library/PrivateFrameworks/Heimdal.framework/Versions/A/Heimdal
0x0000000006fde000 	/usr/lib/libheimdal-asn1.dylib
0x0000000006fde000 	/System/Library/Frameworks/OpenDirectory.framework/Versions/A/OpenDirectory
0x0000000006fde000 	/System/Library/PrivateFrameworks/CommonAuth.framework/Versions/A/CommonAuth
0x0000000006fde000 	/System/Library/Frameworks/OpenDirectory.framework/Versions/A/Frameworks/CFOpenDirectory.framework/Versions/A/CFOpenDirectory
0x0000000006fde000 	/System/Library/Frameworks/SecurityFoundation.framework/Versions/A/SecurityFoundation
0x0000000006fde000 	/System/Library/PrivateFrameworks/APFS.framework/Versions/A/APFS
0x0000000006fde000 	/usr/lib/libutil.dylib
0x0000000006fde000 	/System/Library/PrivateFrameworks/AppleSauce.framework/Versions/A/AppleSauce
0x0000000006fde000 	/System/Library/PrivateFrameworks/LinguisticData.framework/Versions/A/LinguisticData
0x0000000006fde000 	/usr/lib/libmarisa.dylib
0x0000000006fde000 	/System/Library/PrivateFrameworks/Lexicon.framework/Versions/A/Lexicon
0x0000000006fde000 	/usr/lib/libChineseTokenizer.dylib
0x0000000006fde000 	/usr/lib/libcmph.dylib
0x0000000006fde000 	/System/Library/PrivateFrameworks/LanguageModeling.framework/Versions/A/LanguageModeling
0x0000000006fde000 	/System/Library/PrivateFrameworks/CoreEmoji.framework/Versions/A/CoreEmoji
0x0000000006fde000 	/System/Library/Frameworks/ServiceManagement.framework/Versions/A/ServiceManagement
0x0000000006fde000 	/System/Library/PrivateFrameworks/BackgroundTaskManagement.framework/Versions/A/BackgroundTaskManagement
0x0000000006fde000 	/usr/lib/libxslt.1.dylib
0x0000000006fde000 	/System/Library/Frameworks/Carbon.framework/Versions/A/Frameworks/Ink.framework/Versions/A/Ink
0x0000000006fde000 	/System/Library/PrivateFrameworks/TextureIO.framework/Versions/A/TextureIO
0x0000000006fde000 	/usr/lib/libate.dylib
0x0000000006fde000 	/System/Library/PrivateFrameworks/CrashReporterSupport.framework/Versions/A/CrashReporterSupport
0x0000000006fde000 	/System/Library/PrivateFrameworks/Sharing.framework/Versions/A/Sharing
0x0000000006fde000 	/System/Library/PrivateFrameworks/IconServices.framework/Versions/A/IconServices
0x0000000006fde000 	/System/Library/PrivateFrameworks/ProtocolBuffer.framework/Versions/A/ProtocolBuffer
0x0000000006fde000 	/System/Library/PrivateFrameworks/Apple80211.framework/Versions/A/Apple80211
0x0000000006fde000 	/System/Library/Frameworks/CoreWLAN.framework/Versions/A/CoreWLAN
0x0000000006fde000 	/System/Library/PrivateFrameworks/CoreUtils.framework/Versions/A/CoreUtils
0x0000000006fde000 	/System/Library/Frameworks/IOBluetooth.framework/Versions/A/IOBluetooth
0x0000000006fde000 	/System/Library/PrivateFrameworks/CoreWiFi.framework/Versions/A/CoreWiFi
0x0000000006fde000 	/System/Library/Frameworks/CoreBluetooth.framework/Versions/A/CoreBluetooth
0x0000000006fde000 	/System/Library/PrivateFrameworks/SignpostNotification.framework/Versions/A/SignpostNotification
0x0000000006fde000 	/System/Library/PrivateFrameworks/DebugSymbols.framework/Versions/A/DebugSymbols
0x0000000006fde000 	/System/Library/PrivateFrameworks/CoreSymbolication.framework/Versions/A/CoreSymbolication
0x0000000006fde000 	/System/Library/PrivateFrameworks/Symbolication.framework/Versions/A/Symbolication
0x0000000006fde000 	/System/Library/PrivateFrameworks/AppleFSCompression.framework/Versions/A/AppleFSCompression
0x0000000006fde000 	/System/Library/PrivateFrameworks/SpeechRecognitionCore.framework/Versions/A/SpeechRecognitionCore
0x0000000006fde000 	/System/Library/CoreServices/Encodings/libSimplifiedChineseConverter.dylib
0x0000000108000000 	/Library/Java/JavaVirtualMachines/jdk1.8.0_144.jdk/Contents/Home/jre/lib/server/libjvm.dylib
0x0000000006fde000 	/usr/lib/libstdc++.6.0.9.dylib
0x0000000106f86000 	/Library/Java/JavaVirtualMachines/jdk1.8.0_144.jdk/Contents/Home/jre/lib/libverify.dylib
0x0000000106f94000 	/Library/Java/JavaVirtualMachines/jdk1.8.0_144.jdk/Contents/Home/jre/lib/libjava.dylib
0x0000000108fa7000 	/Library/Java/JavaVirtualMachines/jdk1.8.0_144.jdk/Contents/Home/jre/lib/libjdwp.dylib
0x0000000106fca000 	/Library/Java/JavaVirtualMachines/jdk1.8.0_144.jdk/Contents/Home/jre/lib/libnpt.dylib
0x0000000106fd7000 	/Library/Java/JavaVirtualMachines/jdk1.8.0_144.jdk/Contents/Home/jre/lib/libzip.dylib
0x0000000006fde000 	/System/Library/Frameworks/JavaVM.framework/Versions/A/Frameworks/JavaRuntimeSupport.framework/Versions/A/JavaRuntimeSupport
0x0000000006fde000 	/System/Library/Frameworks/JavaVM.framework/Versions/A/Frameworks/JavaNativeFoundation.framework/Versions/A/JavaNativeFoundation
0x0000000006fde000 	/System/Library/Frameworks/JavaVM.framework/Versions/A/JavaVM
0x0000000006fde000 	/System/Library/Frameworks/Carbon.framework/Versions/A/Carbon
0x0000000006fde000 	/System/Library/PrivateFrameworks/JavaLaunching.framework/Versions/A/JavaLaunching
0x0000000006fde000 	/System/Library/Frameworks/Carbon.framework/Versions/A/Frameworks/CommonPanels.framework/Versions/A/CommonPanels
0x0000000006fde000 	/System/Library/Frameworks/Carbon.framework/Versions/A/Frameworks/Help.framework/Versions/A/Help
0x0000000006fde000 	/System/Library/Frameworks/Carbon.framework/Versions/A/Frameworks/ImageCapture.framework/Versions/A/ImageCapture
0x0000000006fde000 	/System/Library/Frameworks/Carbon.framework/Versions/A/Frameworks/OpenScripting.framework/Versions/A/OpenScripting
0x0000000006fde000 	/System/Library/Frameworks/Carbon.framework/Versions/A/Frameworks/Print.framework/Versions/A/Print
0x0000000006fde000 	/System/Library/Frameworks/Carbon.framework/Versions/A/Frameworks/SecurityHI.framework/Versions/A/SecurityHI
0x0000000106fee000 	/Library/Java/JavaVirtualMachines/jdk1.8.0_144.jdk/Contents/Home/jre/lib/libdt_socket.dylib
0x000000010d123000 	/Library/Java/JavaVirtualMachines/jdk1.8.0_144.jdk/Contents/Home/jre/lib/libmanagement.dylib
0x000000010d131000 	/Library/Java/JavaVirtualMachines/jdk1.8.0_144.jdk/Contents/Home/jre/lib/libnet.dylib
0x000000010d190000 	/Library/Java/JavaVirtualMachines/jdk1.8.0_144.jdk/Contents/Home/jre/lib/libnio.dylib
0x000000010e568000 	/Library/Java/JavaVirtualMachines/jdk1.8.0_144.jdk/Contents/Home/jre/lib/libsunec.dylib
0x00000001275fd000 	/Library/Java/JavaVirtualMachines/jdk1.8.0_144.jdk/Contents/Home/jre/lib/libawt.dylib
0x00000001276a5000 	/Library/Java/JavaVirtualMachines/jdk1.8.0_144.jdk/Contents/Home/jre/lib/./libmlib_image.dylib
0x0000000127771000 	/Library/Java/JavaVirtualMachines/jdk1.8.0_144.jdk/Contents/Home/jre/lib/libawt_lwawt.dylib
0x000000010e996000 	/Library/Java/JavaVirtualMachines/jdk1.8.0_144.jdk/Contents/Home/jre/lib/./libosxapp.dylib
0x0000000006fde000 	/System/Library/Frameworks/ExceptionHandling.framework/Versions/A/ExceptionHandling
0x0000000127828000 	/Library/Java/JavaVirtualMachines/jdk1.8.0_144.jdk/Contents/Home/jre/lib/libjpeg.dylib
0x000000010e9b2000 	/private/var/folders/rd/sgmzgm117_71fz9tb2kgk5fh0000gp/T/jna--351033732/jna4527204066926427944.tmp
0x0000000127a56000 	/usr/local/lib/libtesseract.dylib
0x0000000127f5f000 	/usr/local/opt/leptonica/lib/liblept.5.dylib
0x0000000128152000 	/usr/local/opt/libpng/lib/libpng16.16.dylib
0x000000012817e000 	/usr/local/opt/jpeg/lib/libjpeg.9.dylib
0x00000001281b1000 	/usr/local/opt/libtiff/lib/libtiff.5.dylib

VM Arguments:
jvm_args: -agentlib:jdwp=transport=dt_socket,address=127.0.0.1:50184,suspend=y,server=n -XX:TieredStopAtLevel=1 -Xverify:none -Dspring.output.ansi.enabled=always -Dcom.sun.management.jmxremote -Dcom.sun.management.jmxremote.port=50183 -Dcom.sun.management.jmxremote.authenticate=false -Dcom.sun.management.jmxremote.ssl=false -Dspring.liveBeansView.mbeanDomain -Dspring.application.admin.enabled=true -Dfile.encoding=GB2312 
java_command: com.login.demo.demo.DemoApplication
java_class_path (initial): /Library/Java/JavaVirtualMachines/jdk1.8.0_144.jdk/Contents/Home/jre/lib/charsets.jar:/Library/Java/JavaVirtualMachines/jdk1.8.0_144.jdk/Contents/Home/jre/lib/deploy.jar:/Library/Java/JavaVirtualMachines/jdk1.8.0_144.jdk/Contents/Home/jre/lib/ext/cldrdata.jar:/Library/Java/JavaVirtualMachines/jdk1.8.0_144.jdk/Contents/Home/jre/lib/ext/dnsns.jar:/Library/Java/JavaVirtualMachines/jdk1.8.0_144.jdk/Contents/Home/jre/lib/ext/jaccess.jar:/Library/Java/JavaVirtualMachines/jdk1.8.0_144.jdk/Contents/Home/jre/lib/ext/jfxrt.jar:/Library/Java/JavaVirtualMachines/jdk1.8.0_144.jdk/Contents/Home/jre/lib/ext/localedata.jar:/Library/Java/JavaVirtualMachines/jdk1.8.0_144.jdk/Contents/Home/jre/lib/ext/nashorn.jar:/Library/Java/JavaVirtualMachines/jdk1.8.0_144.jdk/Contents/Home/jre/lib/ext/sunec.jar:/Library/Java/JavaVirtualMachines/jdk1.8.0_144.jdk/Contents/Home/jre/lib/ext/sunjce_provider.jar:/Library/Java/JavaVirtualMachines/jdk1.8.0_144.jdk/Contents/Home/jre/lib/ext/sunpkcs11.jar:/Library/Java/JavaVirtualMachines/jdk1.8.0_144.jdk/Contents/Home/jre/lib/ext/zipfs.jar:/Library/Java/JavaVirtualMachines/jdk1.8.0_144.jdk/Contents/Home/jre/lib/javaws.jar:/Library/Java/JavaVirtualMachines/jdk1.8.0_144.jdk/Contents/Home/jre/lib/jce.jar:/Library/Java/JavaVirtualMachines/jdk1.8.0_144.jdk/Contents/Home/jre/lib/jfr.jar:/Library/Java/JavaVirtualMachines/jdk1.8.0_144.jdk/Contents/Home/jre/lib/jfxswt.jar:/Library/Java/JavaVirtualMachines/jdk1.8.0_144.jdk/Contents/Home/jre/lib/jsse.jar:/Library/Java/JavaVirtualMachines/jdk1.8.0_144.jdk/Contents/Home/jre/lib/management-agent.jar:/Library/Java/JavaVirtualMachines/jdk1.8.0_144.jdk/Contents/Home/jre/lib/plugin.jar:/Library/Java/JavaVirtualMachines/jdk1.8.0_144.jdk/Contents/Home/jre/lib/resources.jar:/Library/Java/JavaVirtualMachines/jdk1.8.0_144.jdk/Contents/Home/jre/lib/rt.jar:/Library/Java/JavaVirtualMachines/jdk1.8.0_144.jdk/Contents/Home/lib/ant-javafx.jar:/Library/Java/JavaVirtualMachines/jdk1.8.0_144.jdk/Contents/Home
Launcher Type: SUN_STANDARD

Environment Variables:
PATH=/Library/Frameworks/Python.framework/Versions/2.7/bin:/usr/local/bin:/usr/bin:/bin:/usr/sbin:/sbin:/usr/local/go/bin:/usr/local/share/dotnet:/Library/Frameworks/Mono.framework/Versions/Current/Commands
SHELL=/bin/zsh

Signal Handlers:
SIGSEGV: [libjvm.dylib+0x5b26e5], sa_mask[0]=11111111011111110111111111111111, sa_flags=SA_ONSTACK|SA_RESTART|SA_SIGINFO
SIGBUS: [libjvm.dylib+0x5b26e5], sa_mask[0]=11111111011111110111111111111111, sa_flags=SA_RESTART|SA_SIGINFO
SIGFPE: [libjvm.dylib+0x489100], sa_mask[0]=11111111011111110111111111111111, sa_flags=SA_RESTART|SA_SIGINFO
SIGPIPE: [libjvm.dylib+0x489100], sa_mask[0]=11111111011111110111111111111111, sa_flags=SA_RESTART|SA_SIGINFO
SIGXFSZ: [libjvm.dylib+0x489100], sa_mask[0]=11111111011111110111111111111111, sa_flags=SA_RESTART|SA_SIGINFO
SIGILL: [libjvm.dylib+0x489100], sa_mask[0]=11111111011111110111111111111111, sa_flags=SA_RESTART|SA_SIGINFO
SIGUSR1: SIG_DFL, sa_mask[0]=00000000000000000000000000000000, sa_flags=none
SIGUSR2: [libjvm.dylib+0x488c1e], sa_mask[0]=00100000000000000000000000000000, sa_flags=SA_RESTART|SA_SIGINFO
SIGHUP: [libjvm.dylib+0x4871f5], sa_mask[0]=11111111011111110111111111111111, sa_flags=SA_RESTART|SA_SIGINFO
SIGINT: [libjvm.dylib+0x4871f5], sa_mask[0]=11111111011111110111111111111111, sa_flags=SA_RESTART|SA_SIGINFO
SIGTERM: [libjvm.dylib+0x4871f5], sa_mask[0]=11111111011111110111111111111111, sa_flags=SA_RESTART|SA_SIGINFO
SIGQUIT: [libjvm.dylib+0x4871f5], sa_mask[0]=11111111011111110111111111111111, sa_flags=SA_RESTART|SA_SIGINFO


---------------  S Y S T E M  ---------------

OS:Bsduname:Darwin 17.4.0 Darwin Kernel Version 17.4.0: Sun Dec 17 09:19:54 PST 2017; root:xnu-4570.41.2~1/RELEASE_X86_64 x86_64
rlimit: STACK 8192k, CORE 0k, NPROC 1418, NOFILE 10240, AS infinity
load average:2.67 2.51 2.60

CPU:total 8 (initial active 8) (4 cores per cpu, 2 threads per core) family 6 model 94 stepping 3, cmov, cx8, fxsr, mmx, sse, sse2, sse3, ssse3, sse4.1, sse4.2, popcnt, avx, avx2, aes, clmul, erms, rtm, 3dnowpref, lzcnt, ht, tsc, tscinvbit, bmi1, bmi2, adx

Memory: 4k page, physical 16777216k(18212k free)

/proc/meminfo:


vm_info: Java HotSpot(TM) 64-Bit Server VM (25.144-b01) for bsd-amd64 JRE (1.8.0_144-b01), built on Jul 21 2017 22:07:42 by "java_re" with gcc 4.2.1 (Based on Apple Inc. build 5658) (LLVM build 2336.11.00)

time: Thu Feb  8 20:31:47 2018
elapsed time: 129 seconds (0d 0h 2m 9s)

